{"/home/charlike/code/prompts/lib/index.js":{"path":"/home/charlike/code/prompts/lib/index.js","statementMap":{"0":{"start":{"line":3,"column":16},"end":{"line":3,"column":36}},"1":{"start":{"line":5,"column":16},"end":{"line":5,"column":76}},"2":{"start":{"line":5,"column":24},"end":{"line":5,"column":75}},"3":{"start":{"line":6,"column":15},"end":{"line":6,"column":36}},"4":{"start":{"line":7,"column":13},"end":{"line":7,"column":21}},"5":{"start":{"line":15,"column":18},"end":{"line":15,"column":20}},"6":{"start":{"line":16,"column":2},"end":{"line":16,"column":33}},"7":{"start":{"line":18,"column":12},"end":{"line":18,"column":29}},"8":{"start":{"line":20,"column":2},"end":{"line":52,"column":3}},"9":{"start":{"line":21,"column":4},"end":{"line":21,"column":25}},"10":{"start":{"line":23,"column":4},"end":{"line":27,"column":5}},"11":{"start":{"line":24,"column":6},"end":{"line":24,"column":32}},"12":{"start":{"line":25,"column":6},"end":{"line":25,"column":23}},"13":{"start":{"line":26,"column":6},"end":{"line":26,"column":15}},"14":{"start":{"line":30,"column":4},"end":{"line":34,"column":5}},"15":{"start":{"line":31,"column":6},"end":{"line":31,"column":41}},"16":{"start":{"line":31,"column":32},"end":{"line":31,"column":41}},"17":{"start":{"line":32,"column":18},"end":{"line":32,"column":31}},"18":{"start":{"line":33,"column":6},"end":{"line":33,"column":106}},"19":{"start":{"line":37,"column":4},"end":{"line":37,"column":33}},"20":{"start":{"line":37,"column":24},"end":{"line":37,"column":33}},"21":{"start":{"line":39,"column":4},"end":{"line":41,"column":5}},"22":{"start":{"line":40,"column":6},"end":{"line":40,"column":66}},"23":{"start":{"line":43,"column":4},"end":{"line":49,"column":5}},"24":{"start":{"line":44,"column":6},"end":{"line":44,"column":54}},"25":{"start":{"line":45,"column":6},"end":{"line":45,"column":91}},"26":{"start":{"line":46,"column":6},"end":{"line":46,"column":40}},"27":{"start":{"line":48,"column":6},"end":{"line":48,"column":32}},"28":{"start":{"line":51,"column":4},"end":{"line":51,"column":29}},"29":{"start":{"line":51,"column":14},"end":{"line":51,"column":29}},"30":{"start":{"line":54,"column":2},"end":{"line":54,"column":17}},"31":{"start":{"line":58,"column":2},"end":{"line":58,"column":34}},"32":{"start":{"line":59,"column":2},"end":{"line":61,"column":3}},"33":{"start":{"line":60,"column":4},"end":{"line":60,"column":28}},"34":{"start":{"line":64,"column":0},"end":{"line":64,"column":68}}},"fnMap":{"0":{"name":"(anonymous_0)","decl":{"start":{"line":5,"column":16},"end":{"line":5,"column":17}},"loc":{"start":{"line":5,"column":24},"end":{"line":5,"column":75}},"line":5},"1":{"name":"(anonymous_1)","decl":{"start":{"line":7,"column":13},"end":{"line":7,"column":14}},"loc":{"start":{"line":7,"column":19},"end":{"line":7,"column":21}},"line":7},"2":{"name":"prompt","decl":{"start":{"line":14,"column":15},"end":{"line":14,"column":21}},"loc":{"start":{"line":14,"column":73},"end":{"line":55,"column":1}},"line":14},"3":{"name":"inject","decl":{"start":{"line":57,"column":9},"end":{"line":57,"column":15}},"loc":{"start":{"line":57,"column":21},"end":{"line":62,"column":1}},"line":57}},"branchMap":{"0":{"loc":{"start":{"line":5,"column":24},"end":{"line":5,"column":75}},"type":"cond-expr","locations":[{"start":{"line":5,"column":45},"end":{"line":5,"column":48}},{"start":{"line":5,"column":51},"end":{"line":5,"column":75}}],"line":5},"1":{"loc":{"start":{"line":5,"column":51},"end":{"line":5,"column":75}},"type":"cond-expr","locations":[{"start":{"line":5,"column":65},"end":{"line":5,"column":67}},{"start":{"line":5,"column":70},"end":{"line":5,"column":75}}],"line":5},"2":{"loc":{"start":{"line":14,"column":22},"end":{"line":14,"column":34}},"type":"default-arg","locations":[{"start":{"line":14,"column":32},"end":{"line":14,"column":34}}],"line":14},"3":{"loc":{"start":{"line":14,"column":36},"end":{"line":14,"column":71}},"type":"default-arg","locations":[{"start":{"line":14,"column":69},"end":{"line":14,"column":71}}],"line":14},"4":{"loc":{"start":{"line":14,"column":38},"end":{"line":14,"column":51}},"type":"default-arg","locations":[{"start":{"line":14,"column":47},"end":{"line":14,"column":51}}],"line":14},"5":{"loc":{"start":{"line":14,"column":53},"end":{"line":14,"column":66}},"type":"default-arg","locations":[{"start":{"line":14,"column":62},"end":{"line":14,"column":66}}],"line":14},"6":{"loc":{"start":{"line":18,"column":12},"end":{"line":18,"column":29}},"type":"binary-expr","locations":[{"start":{"line":18,"column":12},"end":{"line":18,"column":23}},{"start":{"line":18,"column":27},"end":{"line":18,"column":29}}],"line":18},"7":{"loc":{"start":{"line":23,"column":4},"end":{"line":27,"column":5}},"type":"if","locations":[{"start":{"line":23,"column":4},"end":{"line":27,"column":5}},{"start":{"line":23,"column":4},"end":{"line":27,"column":5}}],"line":23},"8":{"loc":{"start":{"line":31,"column":6},"end":{"line":31,"column":41}},"type":"if","locations":[{"start":{"line":31,"column":6},"end":{"line":31,"column":41}},{"start":{"line":31,"column":6},"end":{"line":31,"column":41}}],"line":31},"9":{"loc":{"start":{"line":33,"column":22},"end":{"line":33,"column":105}},"type":"cond-expr","locations":[{"start":{"line":33,"column":52},"end":{"line":33,"column":97}},{"start":{"line":33,"column":100},"end":{"line":33,"column":105}}],"line":33},"10":{"loc":{"start":{"line":37,"column":4},"end":{"line":37,"column":33}},"type":"if","locations":[{"start":{"line":37,"column":4},"end":{"line":37,"column":33}},{"start":{"line":37,"column":4},"end":{"line":37,"column":33}}],"line":37},"11":{"loc":{"start":{"line":39,"column":4},"end":{"line":41,"column":5}},"type":"if","locations":[{"start":{"line":39,"column":4},"end":{"line":41,"column":5}},{"start":{"line":39,"column":4},"end":{"line":41,"column":5}}],"line":39},"12":{"loc":{"start":{"line":45,"column":31},"end":{"line":45,"column":90}},"type":"cond-expr","locations":[{"start":{"line":45,"column":49},"end":{"line":45,"column":81}},{"start":{"line":45,"column":84},"end":{"line":45,"column":90}}],"line":45},"13":{"loc":{"start":{"line":51,"column":4},"end":{"line":51,"column":29}},"type":"if","locations":[{"start":{"line":51,"column":4},"end":{"line":51,"column":29}},{"start":{"line":51,"column":4},"end":{"line":51,"column":29}}],"line":51},"14":{"loc":{"start":{"line":58,"column":16},"end":{"line":58,"column":33}},"type":"binary-expr","locations":[{"start":{"line":58,"column":16},"end":{"line":58,"column":27}},{"start":{"line":58,"column":31},"end":{"line":58,"column":33}}],"line":58}},"s":{"0":1,"1":1,"2":2,"3":1,"4":1,"5":2,"6":2,"7":2,"8":2,"9":3,"10":3,"11":3,"12":3,"13":3,"14":0,"15":0,"16":0,"17":0,"18":0,"19":0,"20":0,"21":0,"22":0,"23":0,"24":0,"25":0,"26":0,"27":0,"28":0,"29":0,"30":2,"31":1,"32":1,"33":3,"34":1},"f":{"0":2,"1":0,"2":2,"3":1},"b":{"0":[1,1],"1":[0,1],"2":[0],"3":[2],"4":[2],"5":[2],"6":[2,0],"7":[3,0],"8":[0,0],"9":[0,0],"10":[0,0],"11":[0,0],"12":[0,0],"13":[0,0],"14":[1,1]},"_coverageSchema":"332fd63041d2c1bcb487cc26dd0d5f7d97098a6c","hash":"8a2e76b25a3ea4aa4f6a454e60ea66a11cde63d7","contentHash":"9b49cd6d67354f0f428b2cb10c6ba2ef_11.4.1"},"/home/charlike/code/prompts/lib/prompts.js":{"path":"/home/charlike/code/prompts/lib/prompts.js","statementMap":{"0":{"start":{"line":3,"column":11},"end":{"line":3,"column":32}},"1":{"start":{"line":13,"column":2},"end":{"line":13,"column":74}},"2":{"start":{"line":13,"column":35},"end":{"line":13,"column":74}},"3":{"start":{"line":14,"column":2},"end":{"line":18,"column":5}},"4":{"start":{"line":15,"column":14},"end":{"line":15,"column":60}},"5":{"start":{"line":16,"column":4},"end":{"line":16,"column":28}},"6":{"start":{"line":17,"column":4},"end":{"line":17,"column":26}},"7":{"start":{"line":27,"column":17},"end":{"line":27,"column":88}},"8":{"start":{"line":27,"column":43},"end":{"line":27,"column":88}},"9":{"start":{"line":35,"column":18},"end":{"line":35,"column":90}},"10":{"start":{"line":35,"column":44},"end":{"line":35,"column":90}},"11":{"start":{"line":47,"column":2},"end":{"line":47,"column":74}},"12":{"start":{"line":47,"column":35},"end":{"line":47,"column":74}},"13":{"start":{"line":48,"column":2},"end":{"line":52,"column":5}},"14":{"start":{"line":49,"column":14},"end":{"line":49,"column":72}},"15":{"start":{"line":50,"column":4},"end":{"line":50,"column":28}},"16":{"start":{"line":51,"column":4},"end":{"line":51,"column":26}},"17":{"start":{"line":62,"column":2},"end":{"line":62,"column":74}},"18":{"start":{"line":62,"column":35},"end":{"line":62,"column":74}},"19":{"start":{"line":63,"column":2},"end":{"line":67,"column":5}},"20":{"start":{"line":64,"column":14},"end":{"line":64,"column":56}},"21":{"start":{"line":65,"column":4},"end":{"line":65,"column":28}},"22":{"start":{"line":66,"column":4},"end":{"line":66,"column":26}},"23":{"start":{"line":79,"column":2},"end":{"line":79,"column":74}},"24":{"start":{"line":79,"column":35},"end":{"line":79,"column":74}},"25":{"start":{"line":80,"column":2},"end":{"line":84,"column":5}},"26":{"start":{"line":81,"column":14},"end":{"line":81,"column":60}},"27":{"start":{"line":82,"column":4},"end":{"line":82,"column":76}},"28":{"start":{"line":82,"column":26},"end":{"line":82,"column":74}},"29":{"start":{"line":82,"column":64},"end":{"line":82,"column":72}},"30":{"start":{"line":83,"column":4},"end":{"line":83,"column":26}},"31":{"start":{"line":96,"column":2},"end":{"line":96,"column":74}},"32":{"start":{"line":96,"column":35},"end":{"line":96,"column":74}},"33":{"start":{"line":97,"column":2},"end":{"line":101,"column":5}},"34":{"start":{"line":98,"column":14},"end":{"line":98,"column":73}},"35":{"start":{"line":99,"column":4},"end":{"line":99,"column":28}},"36":{"start":{"line":100,"column":4},"end":{"line":100,"column":26}},"37":{"start":{"line":112,"column":2},"end":{"line":112,"column":74}},"38":{"start":{"line":112,"column":35},"end":{"line":112,"column":74}},"39":{"start":{"line":113,"column":2},"end":{"line":117,"column":5}},"40":{"start":{"line":114,"column":14},"end":{"line":114,"column":64}},"41":{"start":{"line":115,"column":4},"end":{"line":115,"column":28}},"42":{"start":{"line":116,"column":4},"end":{"line":116,"column":26}},"43":{"start":{"line":129,"column":2},"end":{"line":129,"column":74}},"44":{"start":{"line":129,"column":35},"end":{"line":129,"column":74}},"45":{"start":{"line":130,"column":2},"end":{"line":130,"column":76}},"46":{"start":{"line":130,"column":31},"end":{"line":130,"column":76}},"47":{"start":{"line":132,"column":2},"end":{"line":137,"column":5}},"48":{"start":{"line":133,"column":14},"end":{"line":133,"column":71}},"49":{"start":{"line":134,"column":21},"end":{"line":134,"column":89}},"50":{"start":{"line":134,"column":30},"end":{"line":134,"column":89}},"51":{"start":{"line":134,"column":51},"end":{"line":134,"column":64}},"52":{"start":{"line":134,"column":78},"end":{"line":134,"column":88}},"53":{"start":{"line":135,"column":4},"end":{"line":135,"column":54}},"54":{"start":{"line":135,"column":28},"end":{"line":135,"column":52}},"55":{"start":{"line":136,"column":4},"end":{"line":136,"column":52}},"56":{"start":{"line":136,"column":27},"end":{"line":136,"column":50}},"57":{"start":{"line":150,"column":2},"end":{"line":150,"column":74}},"58":{"start":{"line":150,"column":35},"end":{"line":150,"column":74}},"59":{"start":{"line":151,"column":2},"end":{"line":151,"column":76}},"60":{"start":{"line":151,"column":31},"end":{"line":151,"column":76}},"61":{"start":{"line":152,"column":25},"end":{"line":157,"column":5}},"62":{"start":{"line":153,"column":4},"end":{"line":157,"column":5}},"63":{"start":{"line":155,"column":16},"end":{"line":155,"column":87}},"64":{"start":{"line":158,"column":2},"end":{"line":158,"column":47}},"65":{"start":{"line":159,"column":2},"end":{"line":163,"column":5}},"66":{"start":{"line":160,"column":14},"end":{"line":160,"column":84}},"67":{"start":{"line":161,"column":4},"end":{"line":161,"column":28}},"68":{"start":{"line":162,"column":4},"end":{"line":162,"column":26}},"69":{"start":{"line":166,"column":0},"end":{"line":177,"column":2}}},"fnMap":{"0":{"name":"text","decl":{"start":{"line":12,"column":9},"end":{"line":12,"column":13}},"loc":{"start":{"line":12,"column":43},"end":{"line":19,"column":1}},"line":12},"1":{"name":"(anonymous_1)","decl":{"start":{"line":14,"column":21},"end":{"line":14,"column":22}},"loc":{"start":{"line":14,"column":42},"end":{"line":18,"column":3}},"line":14},"2":{"name":"(anonymous_2)","decl":{"start":{"line":27,"column":17},"end":{"line":27,"column":18}},"loc":{"start":{"line":27,"column":43},"end":{"line":27,"column":88}},"line":27},"3":{"name":"(anonymous_3)","decl":{"start":{"line":35,"column":18},"end":{"line":35,"column":19}},"loc":{"start":{"line":35,"column":44},"end":{"line":35,"column":90}},"line":35},"4":{"name":"number","decl":{"start":{"line":46,"column":9},"end":{"line":46,"column":15}},"loc":{"start":{"line":46,"column":55},"end":{"line":53,"column":1}},"line":46},"5":{"name":"(anonymous_5)","decl":{"start":{"line":48,"column":21},"end":{"line":48,"column":22}},"loc":{"start":{"line":48,"column":42},"end":{"line":52,"column":3}},"line":48},"6":{"name":"confirm","decl":{"start":{"line":61,"column":9},"end":{"line":61,"column":16}},"loc":{"start":{"line":61,"column":39},"end":{"line":68,"column":1}},"line":61},"7":{"name":"(anonymous_7)","decl":{"start":{"line":63,"column":21},"end":{"line":63,"column":22}},"loc":{"start":{"line":63,"column":42},"end":{"line":67,"column":3}},"line":63},"8":{"name":"list","decl":{"start":{"line":78,"column":9},"end":{"line":78,"column":13}},"loc":{"start":{"line":78,"column":60},"end":{"line":85,"column":1}},"line":78},"9":{"name":"(anonymous_9)","decl":{"start":{"line":80,"column":21},"end":{"line":80,"column":22}},"loc":{"start":{"line":80,"column":42},"end":{"line":84,"column":3}},"line":80},"10":{"name":"(anonymous_10)","decl":{"start":{"line":82,"column":19},"end":{"line":82,"column":20}},"loc":{"start":{"line":82,"column":26},"end":{"line":82,"column":74}},"line":82},"11":{"name":"(anonymous_11)","decl":{"start":{"line":82,"column":59},"end":{"line":82,"column":60}},"loc":{"start":{"line":82,"column":64},"end":{"line":82,"column":72}},"line":82},"12":{"name":"toggle","decl":{"start":{"line":95,"column":9},"end":{"line":95,"column":15}},"loc":{"start":{"line":95,"column":56},"end":{"line":102,"column":1}},"line":95},"13":{"name":"(anonymous_13)","decl":{"start":{"line":97,"column":21},"end":{"line":97,"column":22}},"loc":{"start":{"line":97,"column":42},"end":{"line":101,"column":3}},"line":97},"14":{"name":"select","decl":{"start":{"line":111,"column":9},"end":{"line":111,"column":15}},"loc":{"start":{"line":111,"column":47},"end":{"line":118,"column":1}},"line":111},"15":{"name":"(anonymous_15)","decl":{"start":{"line":113,"column":21},"end":{"line":113,"column":22}},"loc":{"start":{"line":113,"column":42},"end":{"line":117,"column":3}},"line":113},"16":{"name":"multiselect","decl":{"start":{"line":128,"column":9},"end":{"line":128,"column":20}},"loc":{"start":{"line":128,"column":54},"end":{"line":138,"column":1}},"line":128},"17":{"name":"(anonymous_17)","decl":{"start":{"line":132,"column":21},"end":{"line":132,"column":22}},"loc":{"start":{"line":132,"column":42},"end":{"line":137,"column":3}},"line":132},"18":{"name":"(anonymous_18)","decl":{"start":{"line":134,"column":21},"end":{"line":134,"column":22}},"loc":{"start":{"line":134,"column":30},"end":{"line":134,"column":89}},"line":134},"19":{"name":"(anonymous_19)","decl":{"start":{"line":134,"column":43},"end":{"line":134,"column":44}},"loc":{"start":{"line":134,"column":51},"end":{"line":134,"column":64}},"line":134},"20":{"name":"(anonymous_20)","decl":{"start":{"line":134,"column":70},"end":{"line":134,"column":71}},"loc":{"start":{"line":134,"column":78},"end":{"line":134,"column":88}},"line":134},"21":{"name":"(anonymous_21)","decl":{"start":{"line":135,"column":19},"end":{"line":135,"column":20}},"loc":{"start":{"line":135,"column":28},"end":{"line":135,"column":52}},"line":135},"22":{"name":"(anonymous_22)","decl":{"start":{"line":136,"column":18},"end":{"line":136,"column":19}},"loc":{"start":{"line":136,"column":27},"end":{"line":136,"column":50}},"line":136},"23":{"name":"autocomplete","decl":{"start":{"line":149,"column":9},"end":{"line":149,"column":21}},"loc":{"start":{"line":149,"column":67},"end":{"line":164,"column":1}},"line":149},"24":{"name":"(anonymous_24)","decl":{"start":{"line":152,"column":25},"end":{"line":152,"column":26}},"loc":{"start":{"line":153,"column":4},"end":{"line":157,"column":5}},"line":153},"25":{"name":"(anonymous_25)","decl":{"start":{"line":155,"column":8},"end":{"line":155,"column":9}},"loc":{"start":{"line":155,"column":16},"end":{"line":155,"column":87}},"line":155},"26":{"name":"(anonymous_26)","decl":{"start":{"line":159,"column":21},"end":{"line":159,"column":22}},"loc":{"start":{"line":159,"column":42},"end":{"line":163,"column":3}},"line":159}},"branchMap":{"0":{"loc":{"start":{"line":13,"column":2},"end":{"line":13,"column":74}},"type":"if","locations":[{"start":{"line":13,"column":2},"end":{"line":13,"column":74}},{"start":{"line":13,"column":2},"end":{"line":13,"column":74}}],"line":13},"1":{"loc":{"start":{"line":47,"column":2},"end":{"line":47,"column":74}},"type":"if","locations":[{"start":{"line":47,"column":2},"end":{"line":47,"column":74}},{"start":{"line":47,"column":2},"end":{"line":47,"column":74}}],"line":47},"2":{"loc":{"start":{"line":62,"column":2},"end":{"line":62,"column":74}},"type":"if","locations":[{"start":{"line":62,"column":2},"end":{"line":62,"column":74}},{"start":{"line":62,"column":2},"end":{"line":62,"column":74}}],"line":62},"3":{"loc":{"start":{"line":78,"column":41},"end":{"line":78,"column":56}},"type":"default-arg","locations":[{"start":{"line":78,"column":53},"end":{"line":78,"column":56}}],"line":78},"4":{"loc":{"start":{"line":79,"column":2},"end":{"line":79,"column":74}},"type":"if","locations":[{"start":{"line":79,"column":2},"end":{"line":79,"column":74}},{"start":{"line":79,"column":2},"end":{"line":79,"column":74}}],"line":79},"5":{"loc":{"start":{"line":96,"column":2},"end":{"line":96,"column":74}},"type":"if","locations":[{"start":{"line":96,"column":2},"end":{"line":96,"column":74}},{"start":{"line":96,"column":2},"end":{"line":96,"column":74}}],"line":96},"6":{"loc":{"start":{"line":112,"column":2},"end":{"line":112,"column":74}},"type":"if","locations":[{"start":{"line":112,"column":2},"end":{"line":112,"column":74}},{"start":{"line":112,"column":2},"end":{"line":112,"column":74}}],"line":112},"7":{"loc":{"start":{"line":129,"column":2},"end":{"line":129,"column":74}},"type":"if","locations":[{"start":{"line":129,"column":2},"end":{"line":129,"column":74}},{"start":{"line":129,"column":2},"end":{"line":129,"column":74}}],"line":129},"8":{"loc":{"start":{"line":130,"column":2},"end":{"line":130,"column":76}},"type":"if","locations":[{"start":{"line":130,"column":2},"end":{"line":130,"column":76}},{"start":{"line":130,"column":2},"end":{"line":130,"column":76}}],"line":130},"9":{"loc":{"start":{"line":150,"column":2},"end":{"line":150,"column":74}},"type":"if","locations":[{"start":{"line":150,"column":2},"end":{"line":150,"column":74}},{"start":{"line":150,"column":2},"end":{"line":150,"column":74}}],"line":150},"10":{"loc":{"start":{"line":151,"column":2},"end":{"line":151,"column":76}},"type":"if","locations":[{"start":{"line":151,"column":2},"end":{"line":151,"column":76}},{"start":{"line":151,"column":2},"end":{"line":151,"column":76}}],"line":151},"11":{"loc":{"start":{"line":158,"column":12},"end":{"line":158,"column":46}},"type":"cond-expr","locations":[{"start":{"line":158,"column":22},"end":{"line":158,"column":29}},{"start":{"line":158,"column":32},"end":{"line":158,"column":46}}],"line":158}},"s":{"0":1,"1":0,"2":0,"3":0,"4":0,"5":0,"6":0,"7":1,"8":0,"9":1,"10":0,"11":0,"12":0,"13":0,"14":0,"15":0,"16":0,"17":0,"18":0,"19":0,"20":0,"21":0,"22":0,"23":0,"24":0,"25":0,"26":0,"27":0,"28":0,"29":0,"30":0,"31":0,"32":0,"33":0,"34":0,"35":0,"36":0,"37":0,"38":0,"39":0,"40":0,"41":0,"42":0,"43":0,"44":0,"45":0,"46":0,"47":0,"48":0,"49":0,"50":0,"51":0,"52":0,"53":0,"54":0,"55":0,"56":0,"57":0,"58":0,"59":0,"60":0,"61":0,"62":0,"63":0,"64":0,"65":0,"66":0,"67":0,"68":0,"69":1},"f":{"0":0,"1":0,"2":0,"3":0,"4":0,"5":0,"6":0,"7":0,"8":0,"9":0,"10":0,"11":0,"12":0,"13":0,"14":0,"15":0,"16":0,"17":0,"18":0,"19":0,"20":0,"21":0,"22":0,"23":0,"24":0,"25":0,"26":0},"b":{"0":[0,0],"1":[0,0],"2":[0,0],"3":[0],"4":[0,0],"5":[0,0],"6":[0,0],"7":[0,0],"8":[0,0],"9":[0,0],"10":[0,0],"11":[0,0]},"_coverageSchema":"332fd63041d2c1bcb487cc26dd0d5f7d97098a6c","hash":"0ab4feea6c3112c66ce12e2eb250ee2ee0ceaf5b","contentHash":"5345bfec22761951fdb6f513ddea58c6_11.4.1"},"/home/charlike/code/prompts/lib/elements/index.js":{"path":"/home/charlike/code/prompts/lib/elements/index.js","statementMap":{"0":{"start":{"line":3,"column":0},"end":{"line":11,"column":2}}},"fnMap":{},"branchMap":{},"s":{"0":1},"f":{},"b":{},"_coverageSchema":"332fd63041d2c1bcb487cc26dd0d5f7d97098a6c","hash":"67a54106b14aae5b48fad708b0990d930aef1f8d","contentHash":"c82d2b3e8a63657e495e5237022a9c21_11.4.1"},"/home/charlike/code/prompts/lib/elements/text.js":{"path":"/home/charlike/code/prompts/lib/elements/text.js","statementMap":{"0":{"start":{"line":1,"column":14},"end":{"line":1,"column":31}},"1":{"start":{"line":2,"column":15},"end":{"line":2,"column":34}},"2":{"start":{"line":3,"column":19},"end":{"line":3,"column":40}},"3":{"start":{"line":4,"column":30},"end":{"line":4,"column":48}},"4":{"start":{"line":8,"column":4},"end":{"line":8,"column":12}},"5":{"start":{"line":10,"column":4},"end":{"line":10,"column":23}},"6":{"start":{"line":11,"column":4},"end":{"line":11,"column":31}},"7":{"start":{"line":13,"column":4},"end":{"line":13,"column":35}},"8":{"start":{"line":14,"column":4},"end":{"line":14,"column":39}},"9":{"start":{"line":16,"column":4},"end":{"line":16,"column":47}},"10":{"start":{"line":17,"column":4},"end":{"line":17,"column":49}},"11":{"start":{"line":19,"column":4},"end":{"line":19,"column":27}},"12":{"start":{"line":20,"column":4},"end":{"line":20,"column":22}},"13":{"start":{"line":24,"column":4},"end":{"line":24,"column":19}},"14":{"start":{"line":25,"column":4},"end":{"line":25,"column":38}},"15":{"start":{"line":26,"column":4},"end":{"line":26,"column":16}},"16":{"start":{"line":30,"column":4},"end":{"line":30,"column":37}},"17":{"start":{"line":31,"column":4},"end":{"line":31,"column":16}},"18":{"start":{"line":32,"column":4},"end":{"line":32,"column":18}},"19":{"start":{"line":36,"column":4},"end":{"line":36,"column":36}},"20":{"start":{"line":37,"column":4},"end":{"line":37,"column":16}},"21":{"start":{"line":38,"column":4},"end":{"line":38,"column":18}},"22":{"start":{"line":39,"column":4},"end":{"line":39,"column":25}},"23":{"start":{"line":40,"column":4},"end":{"line":40,"column":17}},"24":{"start":{"line":44,"column":4},"end":{"line":44,"column":21}},"25":{"start":{"line":45,"column":4},"end":{"line":45,"column":25}},"26":{"start":{"line":46,"column":4},"end":{"line":46,"column":16}},"27":{"start":{"line":47,"column":4},"end":{"line":47,"column":18}},"28":{"start":{"line":48,"column":4},"end":{"line":48,"column":25}},"29":{"start":{"line":49,"column":4},"end":{"line":49,"column":17}},"30":{"start":{"line":53,"column":4},"end":{"line":53,"column":88}},"31":{"start":{"line":54,"column":4},"end":{"line":54,"column":18}},"32":{"start":{"line":55,"column":4},"end":{"line":55,"column":18}},"33":{"start":{"line":59,"column":4},"end":{"line":59,"column":51}},"34":{"start":{"line":59,"column":32},"end":{"line":59,"column":51}},"35":{"start":{"line":60,"column":4},"end":{"line":60,"column":45}},"36":{"start":{"line":60,"column":26},"end":{"line":60,"column":45}},"37":{"start":{"line":61,"column":4},"end":{"line":61,"column":18}},"38":{"start":{"line":62,"column":4},"end":{"line":62,"column":86}},"39":{"start":{"line":63,"column":4},"end":{"line":63,"column":18}},"40":{"start":{"line":67,"column":4},"end":{"line":67,"column":20}},"41":{"start":{"line":68,"column":4},"end":{"line":68,"column":18}},"42":{"start":{"line":72,"column":4},"end":{"line":72,"column":39}},"43":{"start":{"line":73,"column":4},"end":{"line":73,"column":18}},"44":{"start":{"line":77,"column":4},"end":{"line":77,"column":45}},"45":{"start":{"line":77,"column":26},"end":{"line":77,"column":45}},"46":{"start":{"line":78,"column":4},"end":{"line":78,"column":18}},"47":{"start":{"line":79,"column":4},"end":{"line":79,"column":18}},"48":{"start":{"line":83,"column":4},"end":{"line":83,"column":64}},"49":{"start":{"line":83,"column":45},"end":{"line":83,"column":64}},"50":{"start":{"line":84,"column":4},"end":{"line":84,"column":18}},"51":{"start":{"line":85,"column":4},"end":{"line":85,"column":18}},"52":{"start":{"line":89,"column":19},"end":{"line":94,"column":15}},"53":{"start":{"line":96,"column":4},"end":{"line":96,"column":40}},"54":{"start":{"line":97,"column":4},"end":{"line":97,"column":69}},"55":{"start":{"line":99,"column":4},"end":{"line":99,"column":31}},"56":{"start":{"line":103,"column":0},"end":{"line":103,"column":28}}},"fnMap":{"0":{"name":"(anonymous_0)","decl":{"start":{"line":7,"column":2},"end":{"line":7,"column":3}},"loc":{"start":{"line":7,"column":63},"end":{"line":21,"column":3}},"line":7},"1":{"name":"(anonymous_1)","decl":{"start":{"line":23,"column":2},"end":{"line":23,"column":3}},"loc":{"start":{"line":23,"column":14},"end":{"line":27,"column":3}},"line":23},"2":{"name":"(anonymous_2)","decl":{"start":{"line":29,"column":2},"end":{"line":29,"column":3}},"loc":{"start":{"line":29,"column":10},"end":{"line":33,"column":3}},"line":29},"3":{"name":"(anonymous_3)","decl":{"start":{"line":35,"column":2},"end":{"line":35,"column":3}},"loc":{"start":{"line":35,"column":10},"end":{"line":41,"column":3}},"line":35},"4":{"name":"(anonymous_4)","decl":{"start":{"line":43,"column":2},"end":{"line":43,"column":3}},"loc":{"start":{"line":43,"column":11},"end":{"line":50,"column":3}},"line":43},"5":{"name":"(anonymous_5)","decl":{"start":{"line":52,"column":2},"end":{"line":52,"column":3}},"loc":{"start":{"line":52,"column":12},"end":{"line":56,"column":3}},"line":52},"6":{"name":"(anonymous_6)","decl":{"start":{"line":58,"column":2},"end":{"line":58,"column":3}},"loc":{"start":{"line":58,"column":11},"end":{"line":64,"column":3}},"line":58},"7":{"name":"(anonymous_7)","decl":{"start":{"line":66,"column":2},"end":{"line":66,"column":3}},"loc":{"start":{"line":66,"column":10},"end":{"line":69,"column":3}},"line":66},"8":{"name":"(anonymous_8)","decl":{"start":{"line":71,"column":2},"end":{"line":71,"column":3}},"loc":{"start":{"line":71,"column":9},"end":{"line":74,"column":3}},"line":71},"9":{"name":"(anonymous_9)","decl":{"start":{"line":76,"column":2},"end":{"line":76,"column":3}},"loc":{"start":{"line":76,"column":9},"end":{"line":80,"column":3}},"line":76},"10":{"name":"(anonymous_10)","decl":{"start":{"line":82,"column":2},"end":{"line":82,"column":3}},"loc":{"start":{"line":82,"column":10},"end":{"line":86,"column":3}},"line":82},"11":{"name":"(anonymous_11)","decl":{"start":{"line":88,"column":2},"end":{"line":88,"column":3}},"loc":{"start":{"line":88,"column":11},"end":{"line":100,"column":3}},"line":88}},"branchMap":{"0":{"loc":{"start":{"line":7,"column":42},"end":{"line":7,"column":59}},"type":"default-arg","locations":[{"start":{"line":7,"column":50},"end":{"line":7,"column":59}}],"line":7},"1":{"loc":{"start":{"line":11,"column":17},"end":{"line":11,"column":30}},"type":"binary-expr","locations":[{"start":{"line":11,"column":17},"end":{"line":11,"column":24}},{"start":{"line":11,"column":28},"end":{"line":11,"column":30}}],"line":11},"2":{"loc":{"start":{"line":17,"column":18},"end":{"line":17,"column":48}},"type":"binary-expr","locations":[{"start":{"line":17,"column":18},"end":{"line":17,"column":24}},{"start":{"line":17,"column":28},"end":{"line":17,"column":48}}],"line":17},"3":{"loc":{"start":{"line":59,"column":4},"end":{"line":59,"column":51}},"type":"if","locations":[{"start":{"line":59,"column":4},"end":{"line":59,"column":51}},{"start":{"line":59,"column":4},"end":{"line":59,"column":51}}],"line":59},"4":{"loc":{"start":{"line":60,"column":4},"end":{"line":60,"column":45}},"type":"if","locations":[{"start":{"line":60,"column":4},"end":{"line":60,"column":45}},{"start":{"line":60,"column":4},"end":{"line":60,"column":45}}],"line":60},"5":{"loc":{"start":{"line":77,"column":4},"end":{"line":77,"column":45}},"type":"if","locations":[{"start":{"line":77,"column":4},"end":{"line":77,"column":45}},{"start":{"line":77,"column":4},"end":{"line":77,"column":45}}],"line":77},"6":{"loc":{"start":{"line":83,"column":4},"end":{"line":83,"column":64}},"type":"if","locations":[{"start":{"line":83,"column":4},"end":{"line":83,"column":64}},{"start":{"line":83,"column":4},"end":{"line":83,"column":64}}],"line":83}},"s":{"0":1,"1":1,"2":1,"3":1,"4":0,"5":0,"6":0,"7":0,"8":0,"9":0,"10":0,"11":0,"12":0,"13":0,"14":0,"15":0,"16":0,"17":0,"18":0,"19":0,"20":0,"21":0,"22":0,"23":0,"24":0,"25":0,"26":0,"27":0,"28":0,"29":0,"30":0,"31":0,"32":0,"33":0,"34":0,"35":0,"36":0,"37":0,"38":0,"39":0,"40":0,"41":0,"42":0,"43":0,"44":0,"45":0,"46":0,"47":0,"48":0,"49":0,"50":0,"51":0,"52":0,"53":0,"54":0,"55":0,"56":1},"f":{"0":0,"1":0,"2":0,"3":0,"4":0,"5":0,"6":0,"7":0,"8":0,"9":0,"10":0,"11":0},"b":{"0":[0],"1":[0,0],"2":[0,0],"3":[0,0],"4":[0,0],"5":[0,0],"6":[0,0]},"_coverageSchema":"332fd63041d2c1bcb487cc26dd0d5f7d97098a6c","hash":"624fe7dfd85bbb18400cc5915878b6d79f6932ae","contentHash":"bab1155f329f5b9379d1ae9b991d9232_11.4.1"},"/home/charlike/code/prompts/lib/elements/prompt.js":{"path":"/home/charlike/code/prompts/lib/elements/prompt.js","statementMap":{"0":{"start":{"line":3,"column":17},"end":{"line":3,"column":36}},"1":{"start":{"line":4,"column":19},"end":{"line":4,"column":37}},"2":{"start":{"line":5,"column":21},"end":{"line":5,"column":38}},"3":{"start":{"line":6,"column":25},"end":{"line":6,"column":46}},"4":{"start":{"line":13,"column":4},"end":{"line":13,"column":12}},"5":{"start":{"line":15,"column":4},"end":{"line":15,"column":28}},"6":{"start":{"line":16,"column":4},"end":{"line":16,"column":30}},"7":{"start":{"line":18,"column":15},"end":{"line":18,"column":48}},"8":{"start":{"line":19,"column":4},"end":{"line":19,"column":45}},"9":{"start":{"line":21,"column":4},"end":{"line":23,"column":5}},"10":{"start":{"line":22,"column":6},"end":{"line":22,"column":31}},"11":{"start":{"line":25,"column":21},"end":{"line":34,"column":5}},"12":{"start":{"line":26,"column":14},"end":{"line":26,"column":25}},"13":{"start":{"line":27,"column":6},"end":{"line":33,"column":7}},"14":{"start":{"line":28,"column":8},"end":{"line":28,"column":35}},"15":{"start":{"line":29,"column":13},"end":{"line":33,"column":7}},"16":{"start":{"line":30,"column":8},"end":{"line":30,"column":21}},"17":{"start":{"line":32,"column":8},"end":{"line":32,"column":20}},"18":{"start":{"line":36,"column":18},"end":{"line":44,"column":5}},"19":{"start":{"line":37,"column":6},"end":{"line":37,"column":34}},"20":{"start":{"line":38,"column":6},"end":{"line":38,"column":51}},"21":{"start":{"line":39,"column":6},"end":{"line":41,"column":7}},"22":{"start":{"line":40,"column":8},"end":{"line":40,"column":34}},"23":{"start":{"line":42,"column":6},"end":{"line":42,"column":17}},"24":{"start":{"line":43,"column":6},"end":{"line":43,"column":63}},"25":{"start":{"line":45,"column":4},"end":{"line":45,"column":23}},"26":{"start":{"line":47,"column":4},"end":{"line":47,"column":37}},"27":{"start":{"line":51,"column":4},"end":{"line":54,"column":7}},"28":{"start":{"line":58,"column":4},"end":{"line":58,"column":25}},"29":{"start":{"line":62,"column":0},"end":{"line":62,"column":24}}},"fnMap":{"0":{"name":"(anonymous_0)","decl":{"start":{"line":12,"column":2},"end":{"line":12,"column":3}},"loc":{"start":{"line":12,"column":16},"end":{"line":48,"column":3}},"line":12},"1":{"name":"(anonymous_1)","decl":{"start":{"line":25,"column":21},"end":{"line":25,"column":22}},"loc":{"start":{"line":25,"column":35},"end":{"line":34,"column":5}},"line":25},"2":{"name":"(anonymous_2)","decl":{"start":{"line":36,"column":18},"end":{"line":36,"column":19}},"loc":{"start":{"line":36,"column":24},"end":{"line":44,"column":5}},"line":36},"3":{"name":"(anonymous_3)","decl":{"start":{"line":50,"column":2},"end":{"line":50,"column":3}},"loc":{"start":{"line":50,"column":9},"end":{"line":55,"column":3}},"line":50},"4":{"name":"(anonymous_4)","decl":{"start":{"line":57,"column":2},"end":{"line":57,"column":3}},"loc":{"start":{"line":57,"column":9},"end":{"line":59,"column":3}},"line":57}},"branchMap":{"0":{"loc":{"start":{"line":21,"column":4},"end":{"line":23,"column":5}},"type":"if","locations":[{"start":{"line":21,"column":4},"end":{"line":23,"column":5}},{"start":{"line":21,"column":4},"end":{"line":23,"column":5}}],"line":21},"1":{"loc":{"start":{"line":27,"column":6},"end":{"line":33,"column":7}},"type":"if","locations":[{"start":{"line":27,"column":6},"end":{"line":33,"column":7}},{"start":{"line":27,"column":6},"end":{"line":33,"column":7}}],"line":27},"2":{"loc":{"start":{"line":28,"column":8},"end":{"line":28,"column":34}},"type":"binary-expr","locations":[{"start":{"line":28,"column":8},"end":{"line":28,"column":14}},{"start":{"line":28,"column":18},"end":{"line":28,"column":34}}],"line":28},"3":{"loc":{"start":{"line":29,"column":13},"end":{"line":33,"column":7}},"type":"if","locations":[{"start":{"line":29,"column":13},"end":{"line":33,"column":7}},{"start":{"line":29,"column":13},"end":{"line":33,"column":7}}],"line":29},"4":{"loc":{"start":{"line":39,"column":6},"end":{"line":41,"column":7}},"type":"if","locations":[{"start":{"line":39,"column":6},"end":{"line":41,"column":7}},{"start":{"line":39,"column":6},"end":{"line":41,"column":7}}],"line":39},"5":{"loc":{"start":{"line":43,"column":16},"end":{"line":43,"column":49}},"type":"cond-expr","locations":[{"start":{"line":43,"column":31},"end":{"line":43,"column":38}},{"start":{"line":43,"column":41},"end":{"line":43,"column":49}}],"line":43}},"s":{"0":1,"1":1,"2":1,"3":1,"4":0,"5":0,"6":0,"7":0,"8":0,"9":0,"10":0,"11":0,"12":0,"13":0,"14":0,"15":0,"16":0,"17":0,"18":0,"19":0,"20":0,"21":0,"22":0,"23":0,"24":0,"25":0,"26":0,"27":0,"28":0,"29":1},"f":{"0":0,"1":0,"2":0,"3":0,"4":0},"b":{"0":[0,0],"1":[0,0],"2":[0,0],"3":[0,0],"4":[0,0],"5":[0,0]},"_coverageSchema":"332fd63041d2c1bcb487cc26dd0d5f7d97098a6c","hash":"5ed2178ee1f9e815caf371a4e46acc89c009c409","contentHash":"c1c53dc021ecc1a5d03aca192dc083ab_11.4.1"},"/home/charlike/code/prompts/lib/util/index.js":{"path":"/home/charlike/code/prompts/lib/util/index.js","statementMap":{"0":{"start":{"line":3,"column":0},"end":{"line":9,"column":2}}},"fnMap":{},"branchMap":{},"s":{"0":1},"f":{},"b":{},"_coverageSchema":"332fd63041d2c1bcb487cc26dd0d5f7d97098a6c","hash":"72ea82e684969371e293e93143c241fa223b7c1c","contentHash":"a9ca9f61d9f38cd2d9ffd1c9b90b280c_11.4.1"},"/home/charlike/code/prompts/lib/util/action.js":{"path":"/home/charlike/code/prompts/lib/util/action.js","statementMap":{"0":{"start":{"line":3,"column":0},"end":{"line":24,"column":2}},"1":{"start":{"line":4,"column":2},"end":{"line":10,"column":3}},"2":{"start":{"line":5,"column":4},"end":{"line":5,"column":41}},"3":{"start":{"line":5,"column":26},"end":{"line":5,"column":41}},"4":{"start":{"line":6,"column":4},"end":{"line":6,"column":41}},"5":{"start":{"line":6,"column":26},"end":{"line":6,"column":41}},"6":{"start":{"line":7,"column":4},"end":{"line":7,"column":41}},"7":{"start":{"line":7,"column":26},"end":{"line":7,"column":41}},"8":{"start":{"line":8,"column":4},"end":{"line":8,"column":40}},"9":{"start":{"line":8,"column":26},"end":{"line":8,"column":40}},"10":{"start":{"line":9,"column":4},"end":{"line":9,"column":41}},"11":{"start":{"line":9,"column":26},"end":{"line":9,"column":41}},"12":{"start":{"line":11,"column":2},"end":{"line":11,"column":45}},"13":{"start":{"line":11,"column":29},"end":{"line":11,"column":45}},"14":{"start":{"line":12,"column":2},"end":{"line":12,"column":44}},"15":{"start":{"line":12,"column":28},"end":{"line":12,"column":44}},"16":{"start":{"line":13,"column":2},"end":{"line":13,"column":48}},"17":{"start":{"line":13,"column":32},"end":{"line":13,"column":48}},"18":{"start":{"line":14,"column":2},"end":{"line":14,"column":43}},"19":{"start":{"line":14,"column":28},"end":{"line":14,"column":43}},"20":{"start":{"line":15,"column":2},"end":{"line":15,"column":44}},"21":{"start":{"line":15,"column":29},"end":{"line":15,"column":44}},"22":{"start":{"line":16,"column":2},"end":{"line":16,"column":40}},"23":{"start":{"line":16,"column":26},"end":{"line":16,"column":40}},"24":{"start":{"line":18,"column":2},"end":{"line":18,"column":37}},"25":{"start":{"line":18,"column":25},"end":{"line":18,"column":37}},"26":{"start":{"line":19,"column":2},"end":{"line":19,"column":41}},"27":{"start":{"line":19,"column":27},"end":{"line":19,"column":41}},"28":{"start":{"line":20,"column":2},"end":{"line":20,"column":43}},"29":{"start":{"line":20,"column":28},"end":{"line":20,"column":43}},"30":{"start":{"line":21,"column":2},"end":{"line":21,"column":41}},"31":{"start":{"line":21,"column":27},"end":{"line":21,"column":41}},"32":{"start":{"line":23,"column":2},"end":{"line":23,"column":15}}},"fnMap":{"0":{"name":"(anonymous_0)","decl":{"start":{"line":3,"column":17},"end":{"line":3,"column":18}},"loc":{"start":{"line":3,"column":24},"end":{"line":24,"column":1}},"line":3}},"branchMap":{"0":{"loc":{"start":{"line":4,"column":2},"end":{"line":10,"column":3}},"type":"if","locations":[{"start":{"line":4,"column":2},"end":{"line":10,"column":3}},{"start":{"line":4,"column":2},"end":{"line":10,"column":3}}],"line":4},"1":{"loc":{"start":{"line":5,"column":4},"end":{"line":5,"column":41}},"type":"if","locations":[{"start":{"line":5,"column":4},"end":{"line":5,"column":41}},{"start":{"line":5,"column":4},"end":{"line":5,"column":41}}],"line":5},"2":{"loc":{"start":{"line":6,"column":4},"end":{"line":6,"column":41}},"type":"if","locations":[{"start":{"line":6,"column":4},"end":{"line":6,"column":41}},{"start":{"line":6,"column":4},"end":{"line":6,"column":41}}],"line":6},"3":{"loc":{"start":{"line":7,"column":4},"end":{"line":7,"column":41}},"type":"if","locations":[{"start":{"line":7,"column":4},"end":{"line":7,"column":41}},{"start":{"line":7,"column":4},"end":{"line":7,"column":41}}],"line":7},"4":{"loc":{"start":{"line":8,"column":4},"end":{"line":8,"column":40}},"type":"if","locations":[{"start":{"line":8,"column":4},"end":{"line":8,"column":40}},{"start":{"line":8,"column":4},"end":{"line":8,"column":40}}],"line":8},"5":{"loc":{"start":{"line":9,"column":4},"end":{"line":9,"column":41}},"type":"if","locations":[{"start":{"line":9,"column":4},"end":{"line":9,"column":41}},{"start":{"line":9,"column":4},"end":{"line":9,"column":41}}],"line":9},"6":{"loc":{"start":{"line":11,"column":2},"end":{"line":11,"column":45}},"type":"if","locations":[{"start":{"line":11,"column":2},"end":{"line":11,"column":45}},{"start":{"line":11,"column":2},"end":{"line":11,"column":45}}],"line":11},"7":{"loc":{"start":{"line":12,"column":2},"end":{"line":12,"column":44}},"type":"if","locations":[{"start":{"line":12,"column":2},"end":{"line":12,"column":44}},{"start":{"line":12,"column":2},"end":{"line":12,"column":44}}],"line":12},"8":{"loc":{"start":{"line":13,"column":2},"end":{"line":13,"column":48}},"type":"if","locations":[{"start":{"line":13,"column":2},"end":{"line":13,"column":48}},{"start":{"line":13,"column":2},"end":{"line":13,"column":48}}],"line":13},"9":{"loc":{"start":{"line":14,"column":2},"end":{"line":14,"column":43}},"type":"if","locations":[{"start":{"line":14,"column":2},"end":{"line":14,"column":43}},{"start":{"line":14,"column":2},"end":{"line":14,"column":43}}],"line":14},"10":{"loc":{"start":{"line":15,"column":2},"end":{"line":15,"column":44}},"type":"if","locations":[{"start":{"line":15,"column":2},"end":{"line":15,"column":44}},{"start":{"line":15,"column":2},"end":{"line":15,"column":44}}],"line":15},"11":{"loc":{"start":{"line":16,"column":2},"end":{"line":16,"column":40}},"type":"if","locations":[{"start":{"line":16,"column":2},"end":{"line":16,"column":40}},{"start":{"line":16,"column":2},"end":{"line":16,"column":40}}],"line":16},"12":{"loc":{"start":{"line":18,"column":2},"end":{"line":18,"column":37}},"type":"if","locations":[{"start":{"line":18,"column":2},"end":{"line":18,"column":37}},{"start":{"line":18,"column":2},"end":{"line":18,"column":37}}],"line":18},"13":{"loc":{"start":{"line":19,"column":2},"end":{"line":19,"column":41}},"type":"if","locations":[{"start":{"line":19,"column":2},"end":{"line":19,"column":41}},{"start":{"line":19,"column":2},"end":{"line":19,"column":41}}],"line":19},"14":{"loc":{"start":{"line":20,"column":2},"end":{"line":20,"column":43}},"type":"if","locations":[{"start":{"line":20,"column":2},"end":{"line":20,"column":43}},{"start":{"line":20,"column":2},"end":{"line":20,"column":43}}],"line":20},"15":{"loc":{"start":{"line":21,"column":2},"end":{"line":21,"column":41}},"type":"if","locations":[{"start":{"line":21,"column":2},"end":{"line":21,"column":41}},{"start":{"line":21,"column":2},"end":{"line":21,"column":41}}],"line":21}},"s":{"0":1,"1":0,"2":0,"3":0,"4":0,"5":0,"6":0,"7":0,"8":0,"9":0,"10":0,"11":0,"12":0,"13":0,"14":0,"15":0,"16":0,"17":0,"18":0,"19":0,"20":0,"21":0,"22":0,"23":0,"24":0,"25":0,"26":0,"27":0,"28":0,"29":0,"30":0,"31":0,"32":0},"f":{"0":0},"b":{"0":[0,0],"1":[0,0],"2":[0,0],"3":[0,0],"4":[0,0],"5":[0,0],"6":[0,0],"7":[0,0],"8":[0,0],"9":[0,0],"10":[0,0],"11":[0,0],"12":[0,0],"13":[0,0],"14":[0,0],"15":[0,0]},"_coverageSchema":"332fd63041d2c1bcb487cc26dd0d5f7d97098a6c","hash":"045e5fac689dee9e024098194f8e4c8bc25b90fd","contentHash":"d63232625683e5131414c2b0cc63052b_11.4.1"},"/home/charlike/code/prompts/lib/util/clear.js":{"path":"/home/charlike/code/prompts/lib/util/clear.js","statementMap":{"0":{"start":{"line":3,"column":14},"end":{"line":3,"column":32}},"1":{"start":{"line":4,"column":26},"end":{"line":4,"column":47}},"2":{"start":{"line":6,"column":14},"end":{"line":6,"column":43}},"3":{"start":{"line":6,"column":21},"end":{"line":6,"column":43}},"4":{"start":{"line":8,"column":0},"end":{"line":18,"column":2}},"5":{"start":{"line":9,"column":2},"end":{"line":9,"column":49}},"6":{"start":{"line":9,"column":16},"end":{"line":9,"column":49}},"7":{"start":{"line":11,"column":13},"end":{"line":11,"column":14}},"8":{"start":{"line":12,"column":16},"end":{"line":12,"column":37}},"9":{"start":{"line":13,"column":2},"end":{"line":15,"column":3}},"10":{"start":{"line":14,"column":4},"end":{"line":14,"column":67}},"11":{"start":{"line":17,"column":2},"end":{"line":17,"column":87}}},"fnMap":{"0":{"name":"(anonymous_0)","decl":{"start":{"line":6,"column":14},"end":{"line":6,"column":15}},"loc":{"start":{"line":6,"column":21},"end":{"line":6,"column":43}},"line":6},"1":{"name":"(anonymous_1)","decl":{"start":{"line":8,"column":17},"end":{"line":8,"column":18}},"loc":{"start":{"line":8,"column":68},"end":{"line":18,"column":1}},"line":8}},"branchMap":{"0":{"loc":{"start":{"line":8,"column":34},"end":{"line":8,"column":66}},"type":"default-arg","locations":[{"start":{"line":8,"column":44},"end":{"line":8,"column":66}}],"line":8},"1":{"loc":{"start":{"line":9,"column":2},"end":{"line":9,"column":49}},"type":"if","locations":[{"start":{"line":9,"column":2},"end":{"line":9,"column":49}},{"start":{"line":9,"column":2},"end":{"line":9,"column":49}}],"line":9}},"s":{"0":1,"1":1,"2":1,"3":0,"4":1,"5":0,"6":0,"7":0,"8":0,"9":0,"10":0,"11":0},"f":{"0":0,"1":0},"b":{"0":[0],"1":[0,0]},"_coverageSchema":"332fd63041d2c1bcb487cc26dd0d5f7d97098a6c","hash":"6806dda294a078f7463093f4e0f080c7aeae07d1","contentHash":"8e1acbc2e67c50082c2c301b6438eb89_11.4.1"},"/home/charlike/code/prompts/lib/util/strip.js":{"path":"/home/charlike/code/prompts/lib/util/strip.js","statementMap":{"0":{"start":{"line":3,"column":0},"end":{"line":11,"column":2}},"1":{"start":{"line":4,"column":18},"end":{"line":7,"column":13}},"2":{"start":{"line":9,"column":14},"end":{"line":9,"column":38}},"3":{"start":{"line":10,"column":2},"end":{"line":10,"column":62}}},"fnMap":{"0":{"name":"(anonymous_0)","decl":{"start":{"line":3,"column":17},"end":{"line":3,"column":18}},"loc":{"start":{"line":3,"column":24},"end":{"line":11,"column":1}},"line":3}},"branchMap":{"0":{"loc":{"start":{"line":10,"column":9},"end":{"line":10,"column":61}},"type":"cond-expr","locations":[{"start":{"line":10,"column":35},"end":{"line":10,"column":55}},{"start":{"line":10,"column":58},"end":{"line":10,"column":61}}],"line":10}},"s":{"0":1,"1":0,"2":0,"3":0},"f":{"0":0},"b":{"0":[0,0]},"_coverageSchema":"332fd63041d2c1bcb487cc26dd0d5f7d97098a6c","hash":"df431fe3a1cac34c24c25af9b4a15b3d903ad196","contentHash":"ca1888bf77224c3558454961e0b54c88_11.4.1"},"/home/charlike/code/prompts/lib/util/style.js":{"path":"/home/charlike/code/prompts/lib/util/style.js","statementMap":{"0":{"start":{"line":3,"column":10},"end":{"line":3,"column":27}},"1":{"start":{"line":4,"column":16},"end":{"line":4,"column":36}},"2":{"start":{"line":7,"column":15},"end":{"line":11,"column":2}},"3":{"start":{"line":8,"column":21},"end":{"line":8,"column":45}},"4":{"start":{"line":9,"column":22},"end":{"line":9,"column":24}},"5":{"start":{"line":10,"column":20},"end":{"line":10,"column":30}},"6":{"start":{"line":12,"column":15},"end":{"line":12,"column":53}},"7":{"start":{"line":12,"column":23},"end":{"line":12,"column":53}},"8":{"start":{"line":15,"column":16},"end":{"line":19,"column":2}},"9":{"start":{"line":21,"column":15},"end":{"line":22,"column":67}},"10":{"start":{"line":22,"column":2},"end":{"line":22,"column":67}},"11":{"start":{"line":25,"column":18},"end":{"line":26,"column":62}},"12":{"start":{"line":26,"column":2},"end":{"line":26,"column":62}},"13":{"start":{"line":28,"column":13},"end":{"line":29,"column":77}},"14":{"start":{"line":29,"column":2},"end":{"line":29,"column":77}},"15":{"start":{"line":31,"column":0},"end":{"line":38,"column":2}}},"fnMap":{"0":{"name":"(anonymous_0)","decl":{"start":{"line":8,"column":12},"end":{"line":8,"column":13}},"loc":{"start":{"line":8,"column":21},"end":{"line":8,"column":45}},"line":8},"1":{"name":"(anonymous_1)","decl":{"start":{"line":9,"column":13},"end":{"line":9,"column":14}},"loc":{"start":{"line":9,"column":22},"end":{"line":9,"column":24}},"line":9},"2":{"name":"(anonymous_2)","decl":{"start":{"line":10,"column":11},"end":{"line":10,"column":12}},"loc":{"start":{"line":10,"column":20},"end":{"line":10,"column":30}},"line":10},"3":{"name":"(anonymous_3)","decl":{"start":{"line":12,"column":15},"end":{"line":12,"column":16}},"loc":{"start":{"line":12,"column":23},"end":{"line":12,"column":53}},"line":12},"4":{"name":"(anonymous_4)","decl":{"start":{"line":21,"column":15},"end":{"line":21,"column":16}},"loc":{"start":{"line":22,"column":2},"end":{"line":22,"column":67}},"line":22},"5":{"name":"(anonymous_5)","decl":{"start":{"line":25,"column":18},"end":{"line":25,"column":19}},"loc":{"start":{"line":26,"column":2},"end":{"line":26,"column":62}},"line":26},"6":{"name":"(anonymous_6)","decl":{"start":{"line":28,"column":13},"end":{"line":28,"column":14}},"loc":{"start":{"line":29,"column":2},"end":{"line":29,"column":77}},"line":29}},"branchMap":{"0":{"loc":{"start":{"line":12,"column":23},"end":{"line":12,"column":53}},"type":"binary-expr","locations":[{"start":{"line":12,"column":23},"end":{"line":12,"column":35}},{"start":{"line":12,"column":39},"end":{"line":12,"column":53}}],"line":12},"1":{"loc":{"start":{"line":22,"column":2},"end":{"line":22,"column":67}},"type":"cond-expr","locations":[{"start":{"line":22,"column":12},"end":{"line":22,"column":27}},{"start":{"line":22,"column":30},"end":{"line":22,"column":67}}],"line":22},"2":{"loc":{"start":{"line":22,"column":30},"end":{"line":22,"column":67}},"type":"cond-expr","locations":[{"start":{"line":22,"column":37},"end":{"line":22,"column":49}},{"start":{"line":22,"column":52},"end":{"line":22,"column":67}}],"line":22},"3":{"loc":{"start":{"line":26,"column":9},"end":{"line":26,"column":61}},"type":"cond-expr","locations":[{"start":{"line":26,"column":22},"end":{"line":26,"column":38}},{"start":{"line":26,"column":41},"end":{"line":26,"column":61}}],"line":26},"4":{"loc":{"start":{"line":29,"column":9},"end":{"line":29,"column":76}},"type":"cond-expr","locations":[{"start":{"line":29,"column":23},"end":{"line":29,"column":60}},{"start":{"line":29,"column":64},"end":{"line":29,"column":76}}],"line":29},"5":{"loc":{"start":{"line":29,"column":23},"end":{"line":29,"column":60}},"type":"cond-expr","locations":[{"start":{"line":29,"column":34},"end":{"line":29,"column":54}},{"start":{"line":29,"column":57},"end":{"line":29,"column":60}}],"line":29}},"s":{"0":1,"1":1,"2":1,"3":0,"4":0,"5":0,"6":1,"7":0,"8":1,"9":1,"10":0,"11":1,"12":0,"13":1,"14":0,"15":1},"f":{"0":0,"1":0,"2":0,"3":0,"4":0,"5":0,"6":0},"b":{"0":[0,0],"1":[0,0],"2":[0,0],"3":[0,0],"4":[0,0],"5":[0,0]},"_coverageSchema":"332fd63041d2c1bcb487cc26dd0d5f7d97098a6c","hash":"f8130f06c33470daf21186eb79e50c645feff027","contentHash":"ce9a94a77adec292b5b0c3ee1e7d6e24_11.4.1"},"/home/charlike/code/prompts/lib/util/figures.js":{"path":"/home/charlike/code/prompts/lib/util/figures.js","statementMap":{"0":{"start":{"line":3,"column":13},"end":{"line":10,"column":1}},"1":{"start":{"line":11,"column":12},"end":{"line":18,"column":1}},"2":{"start":{"line":19,"column":16},"end":{"line":19,"column":57}},"3":{"start":{"line":21,"column":0},"end":{"line":21,"column":25}}},"fnMap":{},"branchMap":{"0":{"loc":{"start":{"line":19,"column":16},"end":{"line":19,"column":57}},"type":"cond-expr","locations":[{"start":{"line":19,"column":47},"end":{"line":19,"column":50}},{"start":{"line":19,"column":53},"end":{"line":19,"column":57}}],"line":19}},"s":{"0":1,"1":1,"2":1,"3":1},"f":{},"b":{"0":[0,1]},"_coverageSchema":"332fd63041d2c1bcb487cc26dd0d5f7d97098a6c","hash":"bad59e4e60e26a15a623405a9a83d0c04eb8a700","contentHash":"a27a4fc931c00e935cc9b2e28f8a8f63_11.4.1"},"/home/charlike/code/prompts/lib/elements/select.js":{"path":"/home/charlike/code/prompts/lib/elements/select.js","statementMap":{"0":{"start":{"line":3,"column":14},"end":{"line":3,"column":31}},"1":{"start":{"line":4,"column":15},"end":{"line":4,"column":34}},"2":{"start":{"line":5,"column":25},"end":{"line":5,"column":43}},"3":{"start":{"line":6,"column":26},"end":{"line":6,"column":47}},"4":{"start":{"line":13,"column":4},"end":{"line":13,"column":12}},"5":{"start":{"line":15,"column":4},"end":{"line":15,"column":23}},"6":{"start":{"line":16,"column":4},"end":{"line":16,"column":36}},"7":{"start":{"line":18,"column":4},"end":{"line":18,"column":26}},"8":{"start":{"line":19,"column":4},"end":{"line":19,"column":40}},"9":{"start":{"line":21,"column":4},"end":{"line":21,"column":27}},"10":{"start":{"line":22,"column":4},"end":{"line":22,"column":22}},"11":{"start":{"line":26,"column":4},"end":{"line":26,"column":20}},"12":{"start":{"line":27,"column":4},"end":{"line":27,"column":38}},"13":{"start":{"line":28,"column":4},"end":{"line":28,"column":16}},"14":{"start":{"line":32,"column":4},"end":{"line":32,"column":23}},"15":{"start":{"line":33,"column":4},"end":{"line":33,"column":16}},"16":{"start":{"line":34,"column":4},"end":{"line":34,"column":18}},"17":{"start":{"line":38,"column":4},"end":{"line":38,"column":36}},"18":{"start":{"line":39,"column":4},"end":{"line":39,"column":16}},"19":{"start":{"line":40,"column":4},"end":{"line":40,"column":18}},"20":{"start":{"line":41,"column":4},"end":{"line":41,"column":25}},"21":{"start":{"line":42,"column":4},"end":{"line":42,"column":17}},"22":{"start":{"line":46,"column":4},"end":{"line":46,"column":21}},"23":{"start":{"line":47,"column":4},"end":{"line":47,"column":25}},"24":{"start":{"line":48,"column":4},"end":{"line":48,"column":16}},"25":{"start":{"line":49,"column":4},"end":{"line":49,"column":18}},"26":{"start":{"line":50,"column":4},"end":{"line":50,"column":25}},"27":{"start":{"line":51,"column":4},"end":{"line":51,"column":17}},"28":{"start":{"line":55,"column":4},"end":{"line":55,"column":23}},"29":{"start":{"line":56,"column":4},"end":{"line":56,"column":18}},"30":{"start":{"line":60,"column":4},"end":{"line":60,"column":44}},"31":{"start":{"line":61,"column":4},"end":{"line":61,"column":18}},"32":{"start":{"line":65,"column":4},"end":{"line":65,"column":46}},"33":{"start":{"line":65,"column":27},"end":{"line":65,"column":46}},"34":{"start":{"line":66,"column":4},"end":{"line":66,"column":37}},"35":{"start":{"line":67,"column":4},"end":{"line":67,"column":18}},"36":{"start":{"line":71,"column":4},"end":{"line":71,"column":67}},"37":{"start":{"line":71,"column":48},"end":{"line":71,"column":67}},"38":{"start":{"line":72,"column":4},"end":{"line":72,"column":37}},"39":{"start":{"line":73,"column":4},"end":{"line":73,"column":18}},"40":{"start":{"line":77,"column":4},"end":{"line":77,"column":60}},"41":{"start":{"line":78,"column":4},"end":{"line":78,"column":18}},"42":{"start":{"line":82,"column":4},"end":{"line":82,"column":40}},"43":{"start":{"line":82,"column":19},"end":{"line":82,"column":40}},"44":{"start":{"line":86,"column":4},"end":{"line":87,"column":61}},"45":{"start":{"line":86,"column":15},"end":{"line":86,"column":43}},"46":{"start":{"line":87,"column":9},"end":{"line":87,"column":61}},"47":{"start":{"line":90,"column":4},"end":{"line":97,"column":6}},"48":{"start":{"line":100,"column":4},"end":{"line":111,"column":5}},"49":{"start":{"line":101,"column":6},"end":{"line":110,"column":8}},"50":{"start":{"line":105,"column":26},"end":{"line":105,"column":85}},"51":{"start":{"line":106,"column":27},"end":{"line":106,"column":70}},"52":{"start":{"line":107,"column":14},"end":{"line":107,"column":42}},"53":{"start":{"line":115,"column":0},"end":{"line":115,"column":30}}},"fnMap":{"0":{"name":"(anonymous_0)","decl":{"start":{"line":12,"column":2},"end":{"line":12,"column":3}},"loc":{"start":{"line":12,"column":66},"end":{"line":23,"column":3}},"line":12},"1":{"name":"(anonymous_1)","decl":{"start":{"line":25,"column":2},"end":{"line":25,"column":3}},"loc":{"start":{"line":25,"column":16},"end":{"line":29,"column":3}},"line":25},"2":{"name":"(anonymous_2)","decl":{"start":{"line":31,"column":2},"end":{"line":31,"column":3}},"loc":{"start":{"line":31,"column":10},"end":{"line":35,"column":3}},"line":31},"3":{"name":"(anonymous_3)","decl":{"start":{"line":37,"column":2},"end":{"line":37,"column":3}},"loc":{"start":{"line":37,"column":10},"end":{"line":43,"column":3}},"line":37},"4":{"name":"(anonymous_4)","decl":{"start":{"line":45,"column":2},"end":{"line":45,"column":3}},"loc":{"start":{"line":45,"column":11},"end":{"line":52,"column":3}},"line":45},"5":{"name":"(anonymous_5)","decl":{"start":{"line":54,"column":2},"end":{"line":54,"column":3}},"loc":{"start":{"line":54,"column":10},"end":{"line":57,"column":3}},"line":54},"6":{"name":"(anonymous_6)","decl":{"start":{"line":59,"column":2},"end":{"line":59,"column":3}},"loc":{"start":{"line":59,"column":9},"end":{"line":62,"column":3}},"line":59},"7":{"name":"(anonymous_7)","decl":{"start":{"line":64,"column":2},"end":{"line":64,"column":3}},"loc":{"start":{"line":64,"column":7},"end":{"line":68,"column":3}},"line":64},"8":{"name":"(anonymous_8)","decl":{"start":{"line":70,"column":2},"end":{"line":70,"column":3}},"loc":{"start":{"line":70,"column":9},"end":{"line":74,"column":3}},"line":70},"9":{"name":"(anonymous_9)","decl":{"start":{"line":76,"column":2},"end":{"line":76,"column":3}},"loc":{"start":{"line":76,"column":9},"end":{"line":79,"column":3}},"line":76},"10":{"name":"(anonymous_10)","decl":{"start":{"line":81,"column":2},"end":{"line":81,"column":3}},"loc":{"start":{"line":81,"column":12},"end":{"line":83,"column":3}},"line":81},"11":{"name":"(anonymous_11)","decl":{"start":{"line":85,"column":2},"end":{"line":85,"column":3}},"loc":{"start":{"line":85,"column":16},"end":{"line":112,"column":3}},"line":85},"12":{"name":"(anonymous_12)","decl":{"start":{"line":104,"column":17},"end":{"line":104,"column":18}},"loc":{"start":{"line":104,"column":27},"end":{"line":108,"column":13}},"line":104}},"branchMap":{"0":{"loc":{"start":{"line":12,"column":25},"end":{"line":12,"column":37}},"type":"default-arg","locations":[{"start":{"line":12,"column":35},"end":{"line":12,"column":37}}],"line":12},"1":{"loc":{"start":{"line":12,"column":39},"end":{"line":12,"column":49}},"type":"default-arg","locations":[{"start":{"line":12,"column":48},"end":{"line":12,"column":49}}],"line":12},"2":{"loc":{"start":{"line":12,"column":51},"end":{"line":12,"column":62}},"type":"default-arg","locations":[{"start":{"line":12,"column":61},"end":{"line":12,"column":62}}],"line":12},"3":{"loc":{"start":{"line":16,"column":18},"end":{"line":16,"column":35}},"type":"binary-expr","locations":[{"start":{"line":16,"column":18},"end":{"line":16,"column":25}},{"start":{"line":16,"column":29},"end":{"line":16,"column":35}}],"line":16},"4":{"loc":{"start":{"line":65,"column":4},"end":{"line":65,"column":46}},"type":"if","locations":[{"start":{"line":65,"column":4},"end":{"line":65,"column":46}},{"start":{"line":65,"column":4},"end":{"line":65,"column":46}}],"line":65},"5":{"loc":{"start":{"line":71,"column":4},"end":{"line":71,"column":67}},"type":"if","locations":[{"start":{"line":71,"column":4},"end":{"line":71,"column":67}},{"start":{"line":71,"column":4},"end":{"line":71,"column":67}}],"line":71},"6":{"loc":{"start":{"line":82,"column":4},"end":{"line":82,"column":40}},"type":"if","locations":[{"start":{"line":82,"column":4},"end":{"line":82,"column":40}},{"start":{"line":82,"column":4},"end":{"line":82,"column":40}}],"line":82},"7":{"loc":{"start":{"line":86,"column":4},"end":{"line":87,"column":61}},"type":"if","locations":[{"start":{"line":86,"column":4},"end":{"line":87,"column":61}},{"start":{"line":86,"column":4},"end":{"line":87,"column":61}}],"line":86},"8":{"loc":{"start":{"line":95,"column":8},"end":{"line":95,"column":55}},"type":"cond-expr","locations":[{"start":{"line":95,"column":20},"end":{"line":95,"column":50}},{"start":{"line":95,"column":53},"end":{"line":95,"column":55}}],"line":95},"9":{"loc":{"start":{"line":100,"column":4},"end":{"line":111,"column":5}},"type":"if","locations":[{"start":{"line":100,"column":4},"end":{"line":111,"column":5}},{"start":{"line":100,"column":4},"end":{"line":111,"column":5}}],"line":100},"10":{"loc":{"start":{"line":105,"column":26},"end":{"line":105,"column":85}},"type":"cond-expr","locations":[{"start":{"line":105,"column":46},"end":{"line":105,"column":75}},{"start":{"line":105,"column":78},"end":{"line":105,"column":85}}],"line":105},"11":{"loc":{"start":{"line":106,"column":27},"end":{"line":106,"column":70}},"type":"cond-expr","locations":[{"start":{"line":106,"column":47},"end":{"line":106,"column":63}},{"start":{"line":106,"column":66},"end":{"line":106,"column":70}}],"line":106}},"s":{"0":1,"1":1,"2":1,"3":1,"4":0,"5":0,"6":0,"7":0,"8":0,"9":0,"10":0,"11":0,"12":0,"13":0,"14":0,"15":0,"16":0,"17":0,"18":0,"19":0,"20":0,"21":0,"22":0,"23":0,"24":0,"25":0,"26":0,"27":0,"28":0,"29":0,"30":0,"31":0,"32":0,"33":0,"34":0,"35":0,"36":0,"37":0,"38":0,"39":0,"40":0,"41":0,"42":0,"43":0,"44":0,"45":0,"46":0,"47":0,"48":0,"49":0,"50":0,"51":0,"52":0,"53":1},"f":{"0":0,"1":0,"2":0,"3":0,"4":0,"5":0,"6":0,"7":0,"8":0,"9":0,"10":0,"11":0,"12":0},"b":{"0":[0],"1":[0],"2":[0],"3":[0,0],"4":[0,0],"5":[0,0],"6":[0,0],"7":[0,0],"8":[0,0],"9":[0,0],"10":[0,0],"11":[0,0]},"_coverageSchema":"332fd63041d2c1bcb487cc26dd0d5f7d97098a6c","hash":"50e6757a94f8b23a00578b88f1285f04e51b1896","contentHash":"fc971a9e9c4d6506b55bab6bb778fa52_11.4.1"},"/home/charlike/code/prompts/lib/elements/toggle.js":{"path":"/home/charlike/code/prompts/lib/elements/toggle.js","statementMap":{"0":{"start":{"line":1,"column":14},"end":{"line":1,"column":31}},"1":{"start":{"line":2,"column":15},"end":{"line":2,"column":34}},"2":{"start":{"line":3,"column":25},"end":{"line":3,"column":43}},"3":{"start":{"line":4,"column":26},"end":{"line":4,"column":47}},"4":{"start":{"line":11,"column":4},"end":{"line":11,"column":12}},"5":{"start":{"line":13,"column":4},"end":{"line":13,"column":27}},"6":{"start":{"line":14,"column":4},"end":{"line":14,"column":23}},"7":{"start":{"line":15,"column":4},"end":{"line":15,"column":25}},"8":{"start":{"line":16,"column":4},"end":{"line":16,"column":29}},"9":{"start":{"line":17,"column":4},"end":{"line":17,"column":35}},"10":{"start":{"line":19,"column":4},"end":{"line":19,"column":22}},"11":{"start":{"line":23,"column":4},"end":{"line":23,"column":35}},"12":{"start":{"line":24,"column":4},"end":{"line":24,"column":16}},"13":{"start":{"line":25,"column":4},"end":{"line":25,"column":18}},"14":{"start":{"line":29,"column":4},"end":{"line":29,"column":36}},"15":{"start":{"line":30,"column":4},"end":{"line":30,"column":16}},"16":{"start":{"line":31,"column":4},"end":{"line":31,"column":18}},"17":{"start":{"line":32,"column":4},"end":{"line":32,"column":25}},"18":{"start":{"line":33,"column":4},"end":{"line":33,"column":17}},"19":{"start":{"line":37,"column":4},"end":{"line":37,"column":21}},"20":{"start":{"line":38,"column":4},"end":{"line":38,"column":25}},"21":{"start":{"line":39,"column":4},"end":{"line":39,"column":16}},"22":{"start":{"line":40,"column":4},"end":{"line":40,"column":18}},"23":{"start":{"line":41,"column":4},"end":{"line":41,"column":25}},"24":{"start":{"line":42,"column":4},"end":{"line":42,"column":17}},"25":{"start":{"line":46,"column":4},"end":{"line":46,"column":49}},"26":{"start":{"line":46,"column":30},"end":{"line":46,"column":49}},"27":{"start":{"line":47,"column":4},"end":{"line":47,"column":23}},"28":{"start":{"line":48,"column":4},"end":{"line":48,"column":18}},"29":{"start":{"line":52,"column":4},"end":{"line":52,"column":48}},"30":{"start":{"line":52,"column":29},"end":{"line":52,"column":48}},"31":{"start":{"line":53,"column":4},"end":{"line":53,"column":22}},"32":{"start":{"line":54,"column":4},"end":{"line":54,"column":18}},"33":{"start":{"line":58,"column":4},"end":{"line":58,"column":22}},"34":{"start":{"line":61,"column":4},"end":{"line":61,"column":22}},"35":{"start":{"line":64,"column":4},"end":{"line":64,"column":20}},"36":{"start":{"line":67,"column":4},"end":{"line":67,"column":22}},"37":{"start":{"line":70,"column":4},"end":{"line":70,"column":20}},"38":{"start":{"line":74,"column":4},"end":{"line":74,"column":29}},"39":{"start":{"line":75,"column":4},"end":{"line":75,"column":16}},"40":{"start":{"line":76,"column":4},"end":{"line":76,"column":18}},"41":{"start":{"line":80,"column":4},"end":{"line":89,"column":30}},"42":{"start":{"line":81,"column":6},"end":{"line":81,"column":31}},"43":{"start":{"line":82,"column":6},"end":{"line":82,"column":20}},"44":{"start":{"line":83,"column":11},"end":{"line":89,"column":30}},"45":{"start":{"line":84,"column":6},"end":{"line":84,"column":24}},"46":{"start":{"line":85,"column":6},"end":{"line":85,"column":20}},"47":{"start":{"line":86,"column":11},"end":{"line":89,"column":30}},"48":{"start":{"line":87,"column":6},"end":{"line":87,"column":25}},"49":{"start":{"line":88,"column":6},"end":{"line":88,"column":20}},"50":{"start":{"line":89,"column":11},"end":{"line":89,"column":30}},"51":{"start":{"line":93,"column":4},"end":{"line":93,"column":43}},"52":{"start":{"line":93,"column":15},"end":{"line":93,"column":43}},"53":{"start":{"line":95,"column":4},"end":{"line":106,"column":6}},"54":{"start":{"line":110,"column":0},"end":{"line":110,"column":30}}},"fnMap":{"0":{"name":"(anonymous_0)","decl":{"start":{"line":10,"column":2},"end":{"line":10,"column":3}},"loc":{"start":{"line":10,"column":77},"end":{"line":20,"column":3}},"line":10},"1":{"name":"(anonymous_1)","decl":{"start":{"line":22,"column":2},"end":{"line":22,"column":3}},"loc":{"start":{"line":22,"column":10},"end":{"line":26,"column":3}},"line":22},"2":{"name":"(anonymous_2)","decl":{"start":{"line":28,"column":2},"end":{"line":28,"column":3}},"loc":{"start":{"line":28,"column":10},"end":{"line":34,"column":3}},"line":28},"3":{"name":"(anonymous_3)","decl":{"start":{"line":36,"column":2},"end":{"line":36,"column":3}},"loc":{"start":{"line":36,"column":11},"end":{"line":43,"column":3}},"line":36},"4":{"name":"(anonymous_4)","decl":{"start":{"line":45,"column":2},"end":{"line":45,"column":3}},"loc":{"start":{"line":45,"column":15},"end":{"line":49,"column":3}},"line":45},"5":{"name":"(anonymous_5)","decl":{"start":{"line":51,"column":2},"end":{"line":51,"column":3}},"loc":{"start":{"line":51,"column":13},"end":{"line":55,"column":3}},"line":51},"6":{"name":"(anonymous_6)","decl":{"start":{"line":57,"column":2},"end":{"line":57,"column":3}},"loc":{"start":{"line":57,"column":11},"end":{"line":59,"column":3}},"line":57},"7":{"name":"(anonymous_7)","decl":{"start":{"line":60,"column":2},"end":{"line":60,"column":3}},"loc":{"start":{"line":60,"column":9},"end":{"line":62,"column":3}},"line":60},"8":{"name":"(anonymous_8)","decl":{"start":{"line":63,"column":2},"end":{"line":63,"column":3}},"loc":{"start":{"line":63,"column":10},"end":{"line":65,"column":3}},"line":63},"9":{"name":"(anonymous_9)","decl":{"start":{"line":66,"column":2},"end":{"line":66,"column":3}},"loc":{"start":{"line":66,"column":9},"end":{"line":68,"column":3}},"line":66},"10":{"name":"(anonymous_10)","decl":{"start":{"line":69,"column":2},"end":{"line":69,"column":3}},"loc":{"start":{"line":69,"column":7},"end":{"line":71,"column":3}},"line":69},"11":{"name":"(anonymous_11)","decl":{"start":{"line":73,"column":2},"end":{"line":73,"column":3}},"loc":{"start":{"line":73,"column":9},"end":{"line":77,"column":3}},"line":73},"12":{"name":"(anonymous_12)","decl":{"start":{"line":79,"column":2},"end":{"line":79,"column":3}},"loc":{"start":{"line":79,"column":12},"end":{"line":90,"column":3}},"line":79},"13":{"name":"(anonymous_13)","decl":{"start":{"line":92,"column":2},"end":{"line":92,"column":3}},"loc":{"start":{"line":92,"column":16},"end":{"line":107,"column":3}},"line":92}},"branchMap":{"0":{"loc":{"start":{"line":10,"column":25},"end":{"line":10,"column":40}},"type":"default-arg","locations":[{"start":{"line":10,"column":35},"end":{"line":10,"column":40}}],"line":10},"1":{"loc":{"start":{"line":10,"column":42},"end":{"line":10,"column":55}},"type":"default-arg","locations":[{"start":{"line":10,"column":51},"end":{"line":10,"column":55}}],"line":10},"2":{"loc":{"start":{"line":10,"column":57},"end":{"line":10,"column":73}},"type":"default-arg","locations":[{"start":{"line":10,"column":68},"end":{"line":10,"column":73}}],"line":10},"3":{"loc":{"start":{"line":46,"column":4},"end":{"line":46,"column":49}},"type":"if","locations":[{"start":{"line":46,"column":4},"end":{"line":46,"column":49}},{"start":{"line":46,"column":4},"end":{"line":46,"column":49}}],"line":46},"4":{"loc":{"start":{"line":52,"column":4},"end":{"line":52,"column":48}},"type":"if","locations":[{"start":{"line":52,"column":4},"end":{"line":52,"column":48}},{"start":{"line":52,"column":4},"end":{"line":52,"column":48}}],"line":52},"5":{"loc":{"start":{"line":80,"column":4},"end":{"line":89,"column":30}},"type":"if","locations":[{"start":{"line":80,"column":4},"end":{"line":89,"column":30}},{"start":{"line":80,"column":4},"end":{"line":89,"column":30}}],"line":80},"6":{"loc":{"start":{"line":83,"column":11},"end":{"line":89,"column":30}},"type":"if","locations":[{"start":{"line":83,"column":11},"end":{"line":89,"column":30}},{"start":{"line":83,"column":11},"end":{"line":89,"column":30}}],"line":83},"7":{"loc":{"start":{"line":86,"column":11},"end":{"line":89,"column":30}},"type":"if","locations":[{"start":{"line":86,"column":11},"end":{"line":89,"column":30}},{"start":{"line":86,"column":11},"end":{"line":89,"column":30}}],"line":86},"8":{"loc":{"start":{"line":93,"column":4},"end":{"line":93,"column":43}},"type":"if","locations":[{"start":{"line":93,"column":4},"end":{"line":93,"column":43}},{"start":{"line":93,"column":4},"end":{"line":93,"column":43}}],"line":93},"9":{"loc":{"start":{"line":102,"column":10},"end":{"line":102,"column":74}},"type":"cond-expr","locations":[{"start":{"line":102,"column":23},"end":{"line":102,"column":36}},{"start":{"line":102,"column":39},"end":{"line":102,"column":74}}],"line":102},"10":{"loc":{"start":{"line":104,"column":10},"end":{"line":104,"column":70}},"type":"cond-expr","locations":[{"start":{"line":104,"column":23},"end":{"line":104,"column":56}},{"start":{"line":104,"column":59},"end":{"line":104,"column":70}}],"line":104}},"s":{"0":1,"1":1,"2":1,"3":1,"4":0,"5":0,"6":0,"7":0,"8":0,"9":0,"10":0,"11":0,"12":0,"13":0,"14":0,"15":0,"16":0,"17":0,"18":0,"19":0,"20":0,"21":0,"22":0,"23":0,"24":0,"25":0,"26":0,"27":0,"28":0,"29":0,"30":0,"31":0,"32":0,"33":0,"34":0,"35":0,"36":0,"37":0,"38":0,"39":0,"40":0,"41":0,"42":0,"43":0,"44":0,"45":0,"46":0,"47":0,"48":0,"49":0,"50":0,"51":0,"52":0,"53":0,"54":1},"f":{"0":0,"1":0,"2":0,"3":0,"4":0,"5":0,"6":0,"7":0,"8":0,"9":0,"10":0,"11":0,"12":0,"13":0},"b":{"0":[0],"1":[0],"2":[0],"3":[0,0],"4":[0,0],"5":[0,0],"6":[0,0],"7":[0,0],"8":[0,0],"9":[0,0],"10":[0,0]},"_coverageSchema":"332fd63041d2c1bcb487cc26dd0d5f7d97098a6c","hash":"1dfe5dd7f905512ac1df9a1c111d040a0949b3c7","contentHash":"db576804c9a508ae4eb050b4bd764add_11.4.1"},"/home/charlike/code/prompts/lib/elements/number.js":{"path":"/home/charlike/code/prompts/lib/elements/number.js","statementMap":{"0":{"start":{"line":1,"column":14},"end":{"line":1,"column":31}},"1":{"start":{"line":2,"column":15},"end":{"line":2,"column":34}},"2":{"start":{"line":3,"column":26},"end":{"line":3,"column":47}},"3":{"start":{"line":4,"column":30},"end":{"line":4,"column":48}},"4":{"start":{"line":6,"column":17},"end":{"line":6,"column":24}},"5":{"start":{"line":7,"column":14},"end":{"line":7,"column":38}},"6":{"start":{"line":7,"column":21},"end":{"line":7,"column":38}},"7":{"start":{"line":8,"column":15},"end":{"line":8,"column":34}},"8":{"start":{"line":8,"column":22},"end":{"line":8,"column":34}},"9":{"start":{"line":12,"column":4},"end":{"line":12,"column":12}},"10":{"start":{"line":14,"column":4},"end":{"line":14,"column":23}},"11":{"start":{"line":15,"column":4},"end":{"line":15,"column":39}},"12":{"start":{"line":17,"column":4},"end":{"line":17,"column":44}},"13":{"start":{"line":18,"column":4},"end":{"line":18,"column":43}},"14":{"start":{"line":19,"column":4},"end":{"line":19,"column":25}},"15":{"start":{"line":21,"column":4},"end":{"line":21,"column":20}},"16":{"start":{"line":22,"column":4},"end":{"line":22,"column":21}},"17":{"start":{"line":24,"column":4},"end":{"line":24,"column":35}},"18":{"start":{"line":26,"column":4},"end":{"line":26,"column":18}},"19":{"start":{"line":30,"column":4},"end":{"line":30,"column":20}},"20":{"start":{"line":31,"column":4},"end":{"line":31,"column":35}},"21":{"start":{"line":32,"column":4},"end":{"line":32,"column":16}},"22":{"start":{"line":33,"column":4},"end":{"line":33,"column":18}},"23":{"start":{"line":37,"column":4},"end":{"line":37,"column":36}},"24":{"start":{"line":38,"column":4},"end":{"line":38,"column":16}},"25":{"start":{"line":39,"column":4},"end":{"line":39,"column":18}},"26":{"start":{"line":40,"column":4},"end":{"line":40,"column":25}},"27":{"start":{"line":41,"column":4},"end":{"line":41,"column":17}},"28":{"start":{"line":45,"column":4},"end":{"line":45,"column":21}},"29":{"start":{"line":46,"column":4},"end":{"line":46,"column":25}},"30":{"start":{"line":47,"column":4},"end":{"line":47,"column":16}},"31":{"start":{"line":48,"column":4},"end":{"line":48,"column":18}},"32":{"start":{"line":49,"column":4},"end":{"line":49,"column":25}},"33":{"start":{"line":50,"column":4},"end":{"line":50,"column":17}},"34":{"start":{"line":54,"column":4},"end":{"line":54,"column":20}},"35":{"start":{"line":55,"column":4},"end":{"line":55,"column":51}},"36":{"start":{"line":55,"column":32},"end":{"line":55,"column":51}},"37":{"start":{"line":56,"column":4},"end":{"line":56,"column":17}},"38":{"start":{"line":57,"column":4},"end":{"line":57,"column":16}},"39":{"start":{"line":58,"column":4},"end":{"line":58,"column":18}},"40":{"start":{"line":62,"column":4},"end":{"line":62,"column":20}},"41":{"start":{"line":63,"column":4},"end":{"line":63,"column":51}},"42":{"start":{"line":63,"column":32},"end":{"line":63,"column":51}},"43":{"start":{"line":64,"column":4},"end":{"line":64,"column":17}},"44":{"start":{"line":65,"column":4},"end":{"line":65,"column":16}},"45":{"start":{"line":66,"column":4},"end":{"line":66,"column":18}},"46":{"start":{"line":70,"column":14},"end":{"line":70,"column":35}},"47":{"start":{"line":71,"column":4},"end":{"line":71,"column":45}},"48":{"start":{"line":71,"column":26},"end":{"line":71,"column":45}},"49":{"start":{"line":72,"column":4},"end":{"line":72,"column":58}},"50":{"start":{"line":73,"column":4},"end":{"line":73,"column":16}},"51":{"start":{"line":74,"column":4},"end":{"line":74,"column":18}},"52":{"start":{"line":78,"column":4},"end":{"line":78,"column":46}},"53":{"start":{"line":78,"column":27},"end":{"line":78,"column":46}},"54":{"start":{"line":80,"column":16},"end":{"line":80,"column":26}},"55":{"start":{"line":81,"column":4},"end":{"line":81,"column":51}},"56":{"start":{"line":81,"column":35},"end":{"line":81,"column":51}},"57":{"start":{"line":82,"column":4},"end":{"line":82,"column":20}},"58":{"start":{"line":83,"column":4},"end":{"line":83,"column":23}},"59":{"start":{"line":85,"column":4},"end":{"line":85,"column":58}},"60":{"start":{"line":86,"column":4},"end":{"line":86,"column":53}},"61":{"start":{"line":86,"column":31},"end":{"line":86,"column":53}},"62":{"start":{"line":87,"column":4},"end":{"line":87,"column":53}},"63":{"start":{"line":87,"column":31},"end":{"line":87,"column":53}},"64":{"start":{"line":88,"column":4},"end":{"line":88,"column":16}},"65":{"start":{"line":89,"column":4},"end":{"line":89,"column":18}},"66":{"start":{"line":93,"column":16},"end":{"line":93,"column":69}},"67":{"start":{"line":94,"column":4},"end":{"line":94,"column":56}},"68":{"start":{"line":94,"column":20},"end":{"line":94,"column":56}},"69":{"start":{"line":96,"column":4},"end":{"line":105,"column":6}},"70":{"start":{"line":109,"column":0},"end":{"line":109,"column":30}}},"fnMap":{"0":{"name":"(anonymous_0)","decl":{"start":{"line":7,"column":14},"end":{"line":7,"column":15}},"loc":{"start":{"line":7,"column":21},"end":{"line":7,"column":38}},"line":7},"1":{"name":"(anonymous_1)","decl":{"start":{"line":8,"column":15},"end":{"line":8,"column":16}},"loc":{"start":{"line":8,"column":22},"end":{"line":8,"column":34}},"line":8},"2":{"name":"(anonymous_2)","decl":{"start":{"line":11,"column":2},"end":{"line":11,"column":3}},"loc":{"start":{"line":11,"column":72},"end":{"line":27,"column":3}},"line":11},"3":{"name":"(anonymous_3)","decl":{"start":{"line":29,"column":2},"end":{"line":29,"column":3}},"loc":{"start":{"line":29,"column":10},"end":{"line":34,"column":3}},"line":29},"4":{"name":"(anonymous_4)","decl":{"start":{"line":36,"column":2},"end":{"line":36,"column":3}},"loc":{"start":{"line":36,"column":10},"end":{"line":42,"column":3}},"line":36},"5":{"name":"(anonymous_5)","decl":{"start":{"line":44,"column":2},"end":{"line":44,"column":3}},"loc":{"start":{"line":44,"column":11},"end":{"line":51,"column":3}},"line":44},"6":{"name":"(anonymous_6)","decl":{"start":{"line":53,"column":2},"end":{"line":53,"column":3}},"loc":{"start":{"line":53,"column":7},"end":{"line":59,"column":3}},"line":53},"7":{"name":"(anonymous_7)","decl":{"start":{"line":61,"column":2},"end":{"line":61,"column":3}},"loc":{"start":{"line":61,"column":9},"end":{"line":67,"column":3}},"line":61},"8":{"name":"(anonymous_8)","decl":{"start":{"line":69,"column":2},"end":{"line":69,"column":3}},"loc":{"start":{"line":69,"column":11},"end":{"line":75,"column":3}},"line":69},"9":{"name":"(anonymous_9)","decl":{"start":{"line":77,"column":2},"end":{"line":77,"column":3}},"loc":{"start":{"line":77,"column":12},"end":{"line":90,"column":3}},"line":77},"10":{"name":"(anonymous_10)","decl":{"start":{"line":92,"column":2},"end":{"line":92,"column":3}},"loc":{"start":{"line":92,"column":11},"end":{"line":106,"column":3}},"line":92}},"branchMap":{"0":{"loc":{"start":{"line":11,"column":25},"end":{"line":11,"column":39}},"type":"default-arg","locations":[{"start":{"line":11,"column":35},"end":{"line":11,"column":39}}],"line":11},"1":{"loc":{"start":{"line":11,"column":51},"end":{"line":11,"column":68}},"type":"default-arg","locations":[{"start":{"line":11,"column":59},"end":{"line":11,"column":68}}],"line":11},"2":{"loc":{"start":{"line":17,"column":15},"end":{"line":17,"column":43}},"type":"cond-expr","locations":[{"start":{"line":17,"column":28},"end":{"line":17,"column":31}},{"start":{"line":17,"column":34},"end":{"line":17,"column":43}}],"line":17},"3":{"loc":{"start":{"line":18,"column":15},"end":{"line":18,"column":42}},"type":"cond-expr","locations":[{"start":{"line":18,"column":28},"end":{"line":18,"column":31}},{"start":{"line":18,"column":34},"end":{"line":18,"column":42}}],"line":18},"4":{"loc":{"start":{"line":55,"column":4},"end":{"line":55,"column":51}},"type":"if","locations":[{"start":{"line":55,"column":4},"end":{"line":55,"column":51}},{"start":{"line":55,"column":4},"end":{"line":55,"column":51}}],"line":55},"5":{"loc":{"start":{"line":63,"column":4},"end":{"line":63,"column":51}},"type":"if","locations":[{"start":{"line":63,"column":4},"end":{"line":63,"column":51}},{"start":{"line":63,"column":4},"end":{"line":63,"column":51}}],"line":63},"6":{"loc":{"start":{"line":71,"column":4},"end":{"line":71,"column":45}},"type":"if","locations":[{"start":{"line":71,"column":4},"end":{"line":71,"column":45}},{"start":{"line":71,"column":4},"end":{"line":71,"column":45}}],"line":71},"7":{"loc":{"start":{"line":72,"column":17},"end":{"line":72,"column":57}},"type":"binary-expr","locations":[{"start":{"line":72,"column":17},"end":{"line":72,"column":51}},{"start":{"line":72,"column":55},"end":{"line":72,"column":57}}],"line":72},"8":{"loc":{"start":{"line":78,"column":4},"end":{"line":78,"column":46}},"type":"if","locations":[{"start":{"line":78,"column":4},"end":{"line":78,"column":46}},{"start":{"line":78,"column":4},"end":{"line":78,"column":46}}],"line":78},"9":{"loc":{"start":{"line":81,"column":4},"end":{"line":81,"column":51}},"type":"if","locations":[{"start":{"line":81,"column":4},"end":{"line":81,"column":51}},{"start":{"line":81,"column":4},"end":{"line":81,"column":51}}],"line":81},"10":{"loc":{"start":{"line":86,"column":4},"end":{"line":86,"column":53}},"type":"if","locations":[{"start":{"line":86,"column":4},"end":{"line":86,"column":53}},{"start":{"line":86,"column":4},"end":{"line":86,"column":53}}],"line":86},"11":{"loc":{"start":{"line":87,"column":4},"end":{"line":87,"column":53}},"type":"if","locations":[{"start":{"line":87,"column":4},"end":{"line":87,"column":53}},{"start":{"line":87,"column":4},"end":{"line":87,"column":53}}],"line":87},"12":{"loc":{"start":{"line":93,"column":31},"end":{"line":93,"column":68}},"type":"cond-expr","locations":[{"start":{"line":93,"column":53},"end":{"line":93,"column":63}},{"start":{"line":93,"column":66},"end":{"line":93,"column":68}}],"line":93},"13":{"loc":{"start":{"line":94,"column":4},"end":{"line":94,"column":56}},"type":"if","locations":[{"start":{"line":94,"column":4},"end":{"line":94,"column":56}},{"start":{"line":94,"column":4},"end":{"line":94,"column":56}}],"line":94}},"s":{"0":1,"1":1,"2":1,"3":1,"4":1,"5":1,"6":0,"7":1,"8":0,"9":0,"10":0,"11":0,"12":0,"13":0,"14":0,"15":0,"16":0,"17":0,"18":0,"19":0,"20":0,"21":0,"22":0,"23":0,"24":0,"25":0,"26":0,"27":0,"28":0,"29":0,"30":0,"31":0,"32":0,"33":0,"34":0,"35":0,"36":0,"37":0,"38":0,
[...]
17":0,"18":0,"19":0,"20":0,"21":0,"22":0,"23":0,"24":0,"25":0,"26":0,"27":0,"28":0,"29":0,"30":0,"31":0,"32":0,"33":0,"34":0,"35":0,"36":0,"37":0,"38":0,"39":0,"40":0,"41":0,"42":0,"43":0,"44":0,"45":0,"46":0,"47":0,"48":0,"49":0,"50":0,"51":0,"52":0,"53":0,"54":0,"55":0,"56":0,"57":0,"58":0,"59":0,"60":0,"61":0,"62":0,"63":0,"64":0,"65":0,"66":0,"67":0,"68":0,"69":0,"70":0,"71":0,"72":0,"73":0,"74":0,"75":0,"76":1},"f":{"0":0,"1":0,"2":0,"3":0,"4":0,"5":0,"6":0,"7":0,"8":0,"9":0,"10":0,"11":0,"12":0,"13":0,"14":0,"15":0,"16":0,"17":0,"18":0,"19":0,"20":0,"21":0},"b":{"0":[0],"1":[0,0],"2":[0,0],"3":[0,0],"4":[0,0],"5":[0,0],"6":[0,0],"7":[0,0],"8":[0,0],"9":[0,0],"10":[0,0],"11":[0,0],"12":[0,0]},"_coverageSchema":"332fd63041d2c1bcb487cc26dd0d5f7d97098a6c","hash":"4ae058ca839f0980b2ef418bad1ce28ff00d6252","contentHash":"a418ce399b45f2fe4bb93a125a55fd56_11.4.1"},"/home/charlike/code/prompts/lib/elements/autocomplete.js":{"path":"/home/charlike/code/prompts/lib/elements/autocomplete.js","statementMap":{"0":{"start":{"line":3,"column":13},"end":{"line":3,"column":31}},"1":{"start":{"line":4,"column":14},"end":{"line":4,"column":31}},"2":{"start":{"line":5,"column":15},"end":{"line":5,"column":34}},"3":{"start":{"line":6,"column":19},"end":{"line":6,"column":40}},"4":{"start":{"line":9,"column":15},"end":{"line":9,"column":65}},"5":{"start":{"line":9,"column":27},"end":{"line":9,"column":65}},"6":{"start":{"line":16,"column":4},"end":{"line":16,"column":12}},"7":{"start":{"line":17,"column":4},"end":{"line":17,"column":23}},"8":{"start":{"line":18,"column":4},"end":{"line":18,"column":27}},"9":{"start":{"line":19,"column":4},"end":{"line":19,"column":27}},"10":{"start":{"line":20,"column":4},"end":{"line":20,"column":26}},"11":{"start":{"line":21,"column":4},"end":{"line":21,"column":20}},"12":{"start":{"line":22,"column":4},"end":{"line":22,"column":23}},"13":{"start":{"line":23,"column":4},"end":{"line":23,"column":25}},"14":{"start":{"line":24,"column":4},"end":{"line":24,"column":46}},"15":{"start":{"line":25,"column":4},"end":{"line":25,"column":41}},"16":{"start":{"line":26,"column":4},"end":{"line":26,"column":45}},"17":{"start":{"line":27,"column":4},"end":{"line":27,"column":32}},"18":{"start":{"line":28,"column":4},"end":{"line":28,"column":31}},"19":{"start":{"line":29,"column":4},"end":{"line":29,"column":22}},"20":{"start":{"line":33,"column":4},"end":{"line":33,"column":20}},"21":{"start":{"line":34,"column":4},"end":{"line":35,"column":27}},"22":{"start":{"line":34,"column":37},"end":{"line":34,"column":78}},"23":{"start":{"line":35,"column":9},"end":{"line":35,"column":27}},"24":{"start":{"line":36,"column":4},"end":{"line":36,"column":16}},"25":{"start":{"line":40,"column":15},"end":{"line":40,"column":71}},"26":{"start":{"line":41,"column":24},"end":{"line":41,"column":31}},"27":{"start":{"line":43,"column":4},"end":{"line":43,"column":38}},"28":{"start":{"line":43,"column":31},"end":{"line":43,"column":38}},"29":{"start":{"line":45,"column":4},"end":{"line":45,"column":80}},"30":{"start":{"line":45,"column":65},"end":{"line":45,"column":78}},"31":{"start":{"line":46,"column":4},"end":{"line":46,"column":28}},"32":{"start":{"line":48,"column":14},"end":{"line":48,"column":49}},"33":{"start":{"line":49,"column":4},"end":{"line":49,"column":46}},"34":{"start":{"line":51,"column":4},"end":{"line":51,"column":15}},"35":{"start":{"line":55,"column":4},"end":{"line":55,"column":20}},"36":{"start":{"line":56,"column":4},"end":{"line":59,"column":7}},"37":{"start":{"line":57,"column":6},"end":{"line":57,"column":25}},"38":{"start":{"line":58,"column":6},"end":{"line":58,"column":20}},"39":{"start":{"line":60,"column":4},"end":{"line":60,"column":18}},"40":{"start":{"line":64,"column":4},"end":{"line":64,"column":36}},"41":{"start":{"line":65,"column":4},"end":{"line":65,"column":16}},"42":{"start":{"line":66,"column":4},"end":{"line":66,"column":18}},"43":{"start":{"line":67,"column":4},"end":{"line":67,"column":25}},"44":{"start":{"line":68,"column":4},"end":{"line":68,"column":17}},"45":{"start":{"line":72,"column":4},"end":{"line":72,"column":21}},"46":{"start":{"line":73,"column":4},"end":{"line":73,"column":25}},"47":{"start":{"line":74,"column":4},"end":{"line":74,"column":16}},"48":{"start":{"line":75,"column":4},"end":{"line":75,"column":18}},"49":{"start":{"line":76,"column":4},"end":{"line":76,"column":25}},"50":{"start":{"line":77,"column":4},"end":{"line":77,"column":17}},"51":{"start":{"line":81,"column":4},"end":{"line":81,"column":20}},"52":{"start":{"line":82,"column":4},"end":{"line":82,"column":31}},"53":{"start":{"line":83,"column":4},"end":{"line":83,"column":18}},"54":{"start":{"line":87,"column":4},"end":{"line":87,"column":52}},"55":{"start":{"line":87,"column":33},"end":{"line":87,"column":52}},"56":{"start":{"line":88,"column":4},"end":{"line":88,"column":41}},"57":{"start":{"line":89,"column":4},"end":{"line":89,"column":31}},"58":{"start":{"line":90,"column":4},"end":{"line":90,"column":18}},"59":{"start":{"line":94,"column":4},"end":{"line":94,"column":23}},"60":{"start":{"line":95,"column":4},"end":{"line":95,"column":18}},"61":{"start":{"line":99,"column":4},"end":{"line":99,"column":49}},"62":{"start":{"line":100,"column":4},"end":{"line":100,"column":18}},"63":{"start":{"line":104,"column":4},"end":{"line":104,"column":45}},"64":{"start":{"line":104,"column":26},"end":{"line":104,"column":45}},"65":{"start":{"line":105,"column":4},"end":{"line":105,"column":37}},"66":{"start":{"line":106,"column":4},"end":{"line":106,"column":18}},"67":{"start":{"line":110,"column":4},"end":{"line":110,"column":71}},"68":{"start":{"line":110,"column":52},"end":{"line":110,"column":71}},"69":{"start":{"line":111,"column":4},"end":{"line":111,"column":37}},"70":{"start":{"line":112,"column":4},"end":{"line":112,"column":18}},"71":{"start":{"line":116,"column":4},"end":{"line":116,"column":65}},"72":{"start":{"line":117,"column":4},"end":{"line":117,"column":18}},"73":{"start":{"line":121,"column":4},"end":{"line":121,"column":43}},"74":{"start":{"line":121,"column":15},"end":{"line":121,"column":43}},"75":{"start":{"line":123,"column":17},"end":{"line":130,"column":15}},"76":{"start":{"line":132,"column":4},"end":{"line":137,"column":5}},"77":{"start":{"line":133,"column":6},"end":{"line":136,"column":7}},"78":{"start":{"line":134,"column":18},"end":{"line":134,"column":37}},"79":{"start":{"line":135,"column":8},"end":{"line":135,"column":77}},"80":{"start":{"line":139,"column":4},"end":{"line":139,"column":40}},"81":{"start":{"line":140,"column":4},"end":{"line":140,"column":36}},"82":{"start":{"line":144,"column":0},"end":{"line":144,"column":36}}},"fnMap":{"0":{"name":"(anonymous_0)","decl":{"start":{"line":9,"column":15},"end":{"line":9,"column":16}},"loc":{"start":{"line":9,"column":27},"end":{"line":9,"column":65}},"line":9},"1":{"name":"(anonymous_1)","decl":{"start":{"line":15,"column":2},"end":{"line":15,"column":3}},"loc":{"start":{"line":15,"column":88},"end":{"line":30,"column":3}},"line":15},"2":{"name":"(anonymous_2)","decl":{"start":{"line":32,"column":2},"end":{"line":32,"column":3}},"loc":{"start":{"line":32,"column":16},"end":{"line":37,"column":3}},"line":32},"3":{"name":"(anonymous_3)","decl":{"start":{"line":39,"column":2},"end":{"line":39,"column":3}},"loc":{"start":{"line":39,"column":21},"end":{"line":52,"column":3}},"line":39},"4":{"name":"(anonymous_4)","decl":{"start":{"line":45,"column":60},"end":{"line":45,"column":61}},"loc":{"start":{"line":45,"column":65},"end":{"line":45,"column":78}},"line":45},"5":{"name":"(anonymous_5)","decl":{"start":{"line":54,"column":2},"end":{"line":54,"column":3}},"loc":{"start":{"line":54,"column":10},"end":{"line":61,"column":3}},"line":54},"6":{"name":"(anonymous_6)","decl":{"start":{"line":56,"column":18},"end":{"line":56,"column":19}},"loc":{"start":{"line":56,"column":24},"end":{"line":59,"column":5}},"line":56},"7":{"name":"(anonymous_7)","decl":{"start":{"line":63,"column":2},"end":{"line":63,"column":3}},"loc":{"start":{"line":63,"column":10},"end":{"line":69,"column":3}},"line":63},"8":{"name":"(anonymous_8)","decl":{"start":{"line":71,"column":2},"end":{"line":71,"column":3}},"loc":{"start":{"line":71,"column":11},"end":{"line":78,"column":3}},"line":71},"9":{"name":"(anonymous_9)","decl":{"start":{"line":80,"column":2},"end":{"line":80,"column":3}},"loc":{"start":{"line":80,"column":12},"end":{"line":84,"column":3}},"line":80},"10":{"name":"(anonymous_10)","decl":{"start":{"line":86,"column":2},"end":{"line":86,"column":3}},"loc":{"start":{"line":86,"column":11},"end":{"line":91,"column":3}},"line":86},"11":{"name":"(anonymous_11)","decl":{"start":{"line":93,"column":2},"end":{"line":93,"column":3}},"loc":{"start":{"line":93,"column":10},"end":{"line":96,"column":3}},"line":93},"12":{"name":"(anonymous_12)","decl":{"start":{"line":98,"column":2},"end":{"line":98,"column":3}},"loc":{"start":{"line":98,"column":9},"end":{"line":101,"column":3}},"line":98},"13":{"name":"(anonymous_13)","decl":{"start":{"line":103,"column":2},"end":{"line":103,"column":3}},"loc":{"start":{"line":103,"column":7},"end":{"line":107,"column":3}},"line":103},"14":{"name":"(anonymous_14)","decl":{"start":{"line":109,"column":2},"end":{"line":109,"column":3}},"loc":{"start":{"line":109,"column":9},"end":{"line":113,"column":3}},"line":109},"15":{"name":"(anonymous_15)","decl":{"start":{"line":115,"column":2},"end":{"line":115,"column":3}},"loc":{"start":{"line":115,"column":9},"end":{"line":118,"column":3}},"line":115},"16":{"name":"(anonymous_16)","decl":{"start":{"line":120,"column":2},"end":{"line":120,"column":3}},"loc":{"start":{"line":120,"column":16},"end":{"line":141,"column":3}},"line":120}},"branchMap":{"0":{"loc":{"start":{"line":9,"column":27},"end":{"line":9,"column":65}},"type":"binary-expr","locations":[{"start":{"line":9,"column":27},"end":{"line":9,"column":39}},{"start":{"line":9,"column":43},"end":{"line":9,"column":55}},{"start":{"line":9,"column":59},"end":{"line":9,"column":65}}],"line":9},"1":{"loc":{"start":{"line":15,"column":43},"end":{"line":15,"column":53}},"type":"default-arg","locations":[{"start":{"line":15,"column":52},"end":{"line":15,"column":53}}],"line":15},"2":{"loc":{"start":{"line":15,"column":55},"end":{"line":15,"column":65}},"type":"default-arg","locations":[{"start":{"line":15,"column":63},"end":{"line":15,"column":65}}],"line":15},"3":{"loc":{"start":{"line":15,"column":67},"end":{"line":15,"column":84}},"type":"default-arg","locations":[{"start":{"line":15,"column":75},"end":{"line":15,"column":84}}],"line":15},"4":{"loc":{"start":{"line":34,"column":4},"end":{"line":35,"column":27}},"type":"if","locations":[{"start":{"line":34,"column":4},"end":{"line":35,"column":27}},{"start":{"line":34,"column":4},"end":{"line":35,"column":27}}],"line":34},"5":{"loc":{"start":{"line":43,"column":4},"end":{"line":43,"column":38}},"type":"if","locations":[{"start":{"line":43,"column":4},"end":{"line":43,"column":38}},{"start":{"line":43,"column":4},"end":{"line":43,"column":38}}],"line":43},"6":{"loc":{"start":{"line":51,"column":4},"end":{"line":51,"column":14}},"type":"binary-expr","locations":[{"start":{"line":51,"column":4},"end":{"line":51,"column":6}},{"start":{"line":51,"column":10},"end":{"line":51,"column":14}}],"line":51},"7":{"loc":{"start":{"line":87,"column":4},"end":{"line":87,"column":52}},"type":"if","locations":[{"start":{"line":87,"column":4},"end":{"line":87,"column":52}},{"start":{"line":87,"column":4},"end":{"line":87,"column":52}}],"line":87},"8":{"loc":{"start":{"line":104,"column":4},"end":{"line":104,"column":45}},"type":"if","locations":[{"start":{"line":104,"column":4},"end":{"line":104,"column":45}},{"start":{"line":104,"column":4},"end":{"line":104,"column":45}}],"line":104},"9":{"loc":{"start":{"line":110,"column":4},"end":{"line":110,"column":71}},"type":"if","locations":[{"start":{"line":110,"column":4},"end":{"line":110,"column":71}},{"start":{"line":110,"column":4},"end":{"line":110,"column":71}}],"line":110},"10":{"loc":{"start":{"line":121,"column":4},"end":{"line":121,"column":43}},"type":"if","locations":[{"start":{"line":121,"column":4},"end":{"line":121,"column":43}},{"start":{"line":121,"column":4},"end":{"line":121,"column":43}}],"line":121},"11":{"loc":{"start":{"line":127,"column":6},"end":{"line":129,"column":36}},"type":"cond-expr","locations":[{"start":{"line":128,"column":10},"end":{"line":128,"column":45}},{"start":{"line":129,"column":10},"end":{"line":129,"column":36}}],"line":127},"12":{"loc":{"start":{"line":127,"column":6},"end":{"line":127,"column":48}},"type":"binary-expr","locations":[{"start":{"line":127,"column":6},"end":{"line":127,"column":15}},{"start":{"line":127,"column":19},"end":{"line":127,"column":48}}],"line":127},"13":{"loc":{"start":{"line":132,"column":4},"end":{"line":137,"column":5}},"type":"if","locations":[{"start":{"line":132,"column":4},"end":{"line":137,"column":5}},{"start":{"line":132,"column":4},"end":{"line":137,"column":5}}],"line":132},"14":{"loc":{"start":{"line":135,"column":26},"end":{"line":135,"column":75}},"type":"cond-expr","locations":[{"start":{"line":135,"column":46},"end":{"line":135,"column":65}},{"start":{"line":135,"column":68},"end":{"line":135,"column":75}}],"line":135}},"s":{"0":1,"1":1,"2":1,"3":1,"4":1,"5":0,"6":0,"7":0,"8":0,"9":0,"10":0,"11":0,"12":0,"13":0,"14":0,"15":0,"16":0,"17":0,"18":0,"19":0,"20":0,"21":0,"22":0,"23":0,"24":0,"25":0,"26":0,"27":0,"28":0,"29":0,"30":0,"31":0,"32":0,"33":0,"34":0,"35":0,"36":0,"37":0,"38":0,"39":0,"40":0,"41":0,"42":0,"43":0,"44":0,"45":0,"46":0,"47":0,"48":0,"49":0,"50":0,"51":0,"52":0,"53":0,"54":0,"55":0,"56":0,"57":0,"58":0,"59":0,"60":0,"61":0,"62":0,"63":0,"64":0,"65":0,"66":0,"67":0,"68":0,"69":0,"70":0,"71":0,"72":0,"73":0,"74":0,"75":0,"76":0,"77":0,"78":0,"79":0,"80":0,"81":0,"82":1},"f":{"0":0,"1":0,"2":0,"3":0,"4":0,"5":0,"6":0,"7":0,"8":0,"9":0,"10":0,"11":0,"12":0,"13":0,"14":0,"15":0,"16":0},"b":{"0":[0,0,0],"1":[0],"2":[0],"3":[0],"4":[0,0],"5":[0,0],"6":[0,0],"7":[0,0],"8":[0,0],"9":[0,0],"10":[0,0],"11":[0,0],"12":[0,0],"13":[0,0],"14":[0,0]},"_coverageSchema":"332fd63041d2c1bcb487cc26dd0d5f7d97098a6c","hash":"8a7f931603eab6c6552c5305c1ac8adc1ace2176","contentHash":"62737a71d707b7851292b9e51c161510_11.4.1"},"/home/charlike/code/prompts/lib/elements/confirm.js":{"path":"/home/charlike/code/prompts/lib/elements/confirm.js","statementMap":{"0":{"start":{"line":1,"column":14},"end":{"line":1,"column":31}},"1":{"start":{"line":2,"column":15},"end":{"line":2,"column":34}},"2":{"start":{"line":3,"column":25},"end":{"line":3,"column":43}},"3":{"start":{"line":4,"column":26},"end":{"line":4,"column":47}},"4":{"start":{"line":11,"column":4},"end":{"line":11,"column":12}},"5":{"start":{"line":12,"column":4},"end":{"line":12,"column":23}},"6":{"start":{"line":13,"column":4},"end":{"line":13,"column":25}},"7":{"start":{"line":14,"column":4},"end":{"line":14,"column":32}},"8":{"start":{"line":15,"column":4},"end":{"line":15,"column":22}},"9":{"start":{"line":19,"column":4},"end":{"line":19,"column":35}},"10":{"start":{"line":20,"column":4},"end":{"line":20,"column":16}},"11":{"start":{"line":21,"column":4},"end":{"line":21,"column":18}},"12":{"start":{"line":25,"column":4},"end":{"line":25,"column":36}},"13":{"start":{"line":26,"column":4},"end":{"line":26,"column":16}},"14":{"start":{"line":27,"column":4},"end":{"line":27,"column":18}},"15":{"start":{"line":28,"column":4},"end":{"line":28,"column":25}},"16":{"start":{"line":29,"column":4},"end":{"line":29,"column":17}},"17":{"start":{"line":33,"column":4},"end":{"line":33,"column":21}},"18":{"start":{"line":34,"column":4},"end":{"line":34,"column":25}},"19":{"start":{"line":35,"column":4},"end":{"line":35,"column":16}},"20":{"start":{"line":36,"column":4},"end":{"line":36,"column":18}},"21":{"start":{"line":37,"column":4},"end":{"line":37,"column":25}},"22":{"start":{"line":38,"column":4},"end":{"line":38,"column":17}},"23":{"start":{"line":42,"column":4},"end":{"line":45,"column":5}},"24":{"start":{"line":43,"column":6},"end":{"line":43,"column":24}},"25":{"start":{"line":44,"column":6},"end":{"line":44,"column":27}},"26":{"start":{"line":46,"column":4},"end":{"line":49,"column":5}},"27":{"start":{"line":47,"column":6},"end":{"line":47,"column":25}},"28":{"start":{"line":48,"column":6},"end":{"line":48,"column":27}},"29":{"start":{"line":50,"column":4},"end":{"line":50,"column":23}},"30":{"start":{"line":54,"column":4},"end":{"line":54,"column":43}},"31":{"start":{"line":54,"column":15},"end":{"line":54,"column":43}},"32":{"start":{"line":55,"column":4},"end":{"line":66,"column":6}},"33":{"start":{"line":70,"column":0},"end":{"line":70,"column":31}}},"fnMap":{"0":{"name":"(anonymous_0)","decl":{"start":{"line":10,"column":2},"end":{"line":10,"column":3}},"loc":{"start":{"line":10,"column":44},"end":{"line":16,"column":3}},"line":10},"1":{"name":"(anonymous_1)","decl":{"start":{"line":18,"column":2},"end":{"line":18,"column":3}},"loc":{"start":{"line":18,"column":10},"end":{"line":22,"column":3}},"line":18},"2":{"name":"(anonymous_2)","decl":{"start":{"line":24,"column":2},"end":{"line":24,"column":3}},"loc":{"start":{"line":24,"column":10},"end":{"line":30,"column":3}},"line":24},"3":{"name":"(anonymous_3)","decl":{"start":{"line":32,"column":2},"end":{"line":32,"column":3}},"loc":{"start":{"line":32,"column":11},"end":{"line":39,"column":3}},"line":32},"4":{"name":"(anonymous_4)","decl":{"start":{"line":41,"column":2},"end":{"line":41,"column":3}},"loc":{"start":{"line":41,"column":12},"end":{"line":51,"column":3}},"line":41},"5":{"name":"(anonymous_5)","decl":{"start":{"line":53,"column":2},"end":{"line":53,"column":3}},"loc":{"start":{"line":53,"column":16},"end":{"line":67,"column":3}},"line":53}},"branchMap":{"0":{"loc":{"start":{"line":10,"column":25},"end":{"line":10,"column":40}},"type":"default-arg","locations":[{"start":{"line":10,"column":35},"end":{"line":10,"column":40}}],"line":10},"1":{"loc":{"start":{"line":42,"column":4},"end":{"line":45,"column":5}},"type":"if","locations":[{"start":{"line":42,"column":4},"end":{"line":45,"column":5}},{"start":{"line":42,"column":4},"end":{"line":45,"column":5}}],"line":42},"2":{"loc":{"start":{"line":46,"column":4},"end":{"line":49,"column":5}},"type":"if","locations":[{"start":{"line":46,"column":4},"end":{"line":49,"column":5}},{"start":{"line":46,"column":4},"end":{"line":49,"column":5}}],"line":46},"3":{"loc":{"start":{"line":54,"column":4},"end":{"line":54,"column":43}},"type":"if","locations":[{"start":{"line":54,"column":4},"end":{"line":54,"column":43}},{"start":{"line":54,"column":4},"end":{"line":54,"column":43}}],"line":54},"4":{"loc":{"start":{"line":62,"column":10},"end":{"line":64,"column":63}},"type":"cond-expr","locations":[{"start":{"line":63,"column":14},"end":{"line":63,"column":39}},{"start":{"line":64,"column":14},"end":{"line":64,"column":63}}],"line":62},"5":{"loc":{"start":{"line":63,"column":14},"end":{"line":63,"column":39}},"type":"cond-expr","locations":[{"start":{"line":63,"column":27},"end":{"line":63,"column":32}},{"start":{"line":63,"column":35},"end":{"line":63,"column":39}}],"line":63},"6":{"loc":{"start":{"line":64,"column":25},"end":{"line":64,"column":62}},"type":"cond-expr","locations":[{"start":{"line":64,"column":45},"end":{"line":64,"column":52}},{"start":{"line":64,"column":55},"end":{"line":64,"column":62}}],"line":64}},"s":{"0":1,"1":1,"2":1,"3":1,"4":0,"5":0,"6":0,"7":0,"8":0,"9":0,"10":0,"11":0,"12":0,"13":0,"14":0,"15":0,"16":0,"17":0,"18":0,"19":0,"20":0,"21":0,"22":0,"23":0,"24":0,"25":0,"26":0,"27":0,"28":0,"29":0,"30":0,"31":0,"32":0,"33":1},"f":{"0":0,"1":0,"2":0,"3":0,"4":0,"5":0},"b":{"0":[0],"1":[0,0],"2":[0,0],"3":[0,0],"4":[0,0],"5":[0,0],"6":[0,0]},"_coverageSchema":"332fd63041d2c1bcb487cc26dd0d5f7d97098a6c","hash":"b4b4a4ca488782ce4a494295d9d024f5bdefbc07","contentHash":"999d9fa597d3c807efd3790f9542dae8_11.4.1"}}